[2024-10-03 13:52:56] * message: Account 'Zoho': Connecting to IMAP server: imap.zoho.com:993...
[2024-10-03 13:52:57] IMAP< * OK svwall.zoho.com IMAP4 Server (Zoho Mail IMAP4rev1 Server version 1.0) 
[2024-10-03 13:52:57] * message: IMAP connection is un-authenticated
[2024-10-03 13:53:03] IMAP> 1 CAPABILITY 
[2024-10-03 13:53:04] IMAP< * CAPABILITY IMAP4rev1 UNSELECT CHILDREN XLIST NAMESPACE IDLE MOVE ID AUTH=PLAIN SASL-IR UIDPLUS ESEARCH LIST-EXTENDED LIST-STATUS WITHIN LITERAL- ACL CONDSTORE 
[2024-10-03 13:53:04] IMAP< 1 OK CAPABILITY completed 
[2024-10-03 13:53:04] IMAP> Logging federicosimonetta@zoho.com to imap.zoho.com using PLAIN
[2024-10-03 13:53:04] IMAP< Invalid credentials(Failure)
[2024-10-03 13:53:04] ** warning: IMAP error on imap.zoho.com: LOGIN error
[2024-10-03 13:53:04] IMAP< Error logging in to imap.zoho.com
[2024-10-03 13:53:04] IMAP> Logging federicosimonetta@zoho.com to imap.zoho.com using plaintext
[2024-10-03 13:53:04] IMAP< Invalid credentials(Failure)
[2024-10-03 13:53:04] ** warning: IMAP error on imap.zoho.com: LOGIN error
[2024-10-03 13:53:04] IMAP< Error logging in to imap.zoho.com
[2024-10-03 13:53:30] IMAP> Logging federicosimonetta@zoho.com to imap.zoho.com using PLAIN
[2024-10-03 13:53:30] IMAP< Success
[2024-10-03 13:53:30] IMAP< Login to imap.zoho.com successful
[2024-10-03 13:53:30] IMAP> 5 LIST "" "" 
[2024-10-03 13:53:30] IMAP< * LIST (\Noselect) "/" "" 
[2024-10-03 13:53:30] IMAP< 5 OK Success 
[2024-10-03 13:53:30] IMAP> 6 STATUS INBOX (MESSAGES UIDNEXT UIDVALIDITY UNSEEN) 
[2024-10-03 13:53:31] IMAP< * STATUS "INBOX" (MESSAGES 675 UNSEEN 2 UIDNEXT 24879 UIDVALIDITY 1) 
[2024-10-03 13:53:31] IMAP< 6 OK Success 
[2024-10-03 13:53:31] IMAP> 7 SELECT INBOX 
[2024-10-03 13:53:31] IMAP< * 675 EXISTS 
[2024-10-03 13:53:31] IMAP< * 673 RECENT 
[2024-10-03 13:53:31] IMAP< * OK [UNSEEN 673] 
[2024-10-03 13:53:31] IMAP< * OK [UIDVALIDITY 1] UIDs valid  
[2024-10-03 13:53:31] IMAP< * OK [UIDNEXT 24879] Predicted next UID  
[2024-10-03 13:53:31] IMAP< * OK [HIGHESTMODSEQ 1000000000000056794] 
[2024-10-03 13:53:31] IMAP< * FLAGS (\Answered \Flagged \Deleted \Seen \Draft) 
[2024-10-03 13:53:31] IMAP< * OK [PERMANENTFLAGS (\* \Answered \Flagged \Deleted \Seen \Draft)] Permanent flags 
[2024-10-03 13:53:31] IMAP< 7 OK [READ-WRITE] SELECT completed 
[2024-10-03 13:53:31] IMAP- [fetching UIDs...]
[2024-10-03 13:53:31] IMAP> 8 UID FETCH 1:* (UID) 
[2024-10-03 13:53:31] IMAP< [FETCH data - 8192 bytes]
[2024-10-03 13:53:31] IMAP< [FETCH data - 8192 bytes]
[2024-10-03 13:53:31] IMAP< [FETCH data - 397 bytes]
[2024-10-03 13:53:31] IMAP- [fetching flags...]
[2024-10-03 13:53:31] IMAP> 9 UID FETCH 1:* (FLAGS UID) 
[2024-10-03 13:53:31] IMAP< [FETCH data - 8192 bytes]
[2024-10-03 13:53:31] IMAP< [FETCH data - 8192 bytes]
[2024-10-03 13:53:31] IMAP< [FETCH data - 8192 bytes]
[2024-10-03 13:53:32] IMAP< [FETCH data - 8192 bytes]
[2024-10-03 13:53:32] IMAP< [FETCH data - 8192 bytes]
[2024-10-03 13:53:32] IMAP< [FETCH data - 8192 bytes]
[2024-10-03 13:53:32] IMAP< [FETCH data - 2534 bytes]
[2024-10-03 13:53:32] IMAP> 10 STATUS Sent (MESSAGES UIDNEXT UIDVALIDITY UNSEEN) 
[2024-10-03 13:53:32] IMAP< * STATUS "Sent" (MESSAGES 67 UNSEEN 0 UIDNEXT 2280 UIDVALIDITY 1) 
[2024-10-03 13:53:32] IMAP< 10 OK Success 
[2024-10-03 13:53:32] IMAP> 11 STATUS Drafts (MESSAGES UIDNEXT UIDVALIDITY UNSEEN) 
[2024-10-03 13:53:32] IMAP< * STATUS "Drafts" (MESSAGES 0 UNSEEN 0 UIDNEXT 7457 UIDVALIDITY 1) 
[2024-10-03 13:53:32] IMAP< 11 OK Success 
[2024-10-03 13:53:32] IMAP> 12 STATUS Queue (MESSAGES UIDNEXT UIDVALIDITY UNSEEN) 
[2024-10-03 13:53:33] IMAP< * STATUS "Queue" (MESSAGES 0 UNSEEN 0 UIDNEXT 1 UIDVALIDITY 1) 
[2024-10-03 13:53:33] IMAP< 12 OK Success 
[2024-10-03 13:53:33] IMAP> 13 STATUS Trash (MESSAGES UIDNEXT UIDVALIDITY UNSEEN) 
[2024-10-03 13:53:33] IMAP< * STATUS "Trash" (MESSAGES 9 UNSEEN 0 UIDNEXT 828 UIDVALIDITY 1) 
[2024-10-03 13:53:33] IMAP< 13 OK Success 
[2024-10-03 13:53:33] IMAP> 14 STATUS Archive (MESSAGES UIDNEXT UIDVALIDITY UNSEEN) 
[2024-10-03 13:53:33] IMAP< * STATUS "Archive" (MESSAGES 5 UNSEEN 0 UIDNEXT 6 UIDVALIDITY 1) 
[2024-10-03 13:53:33] IMAP< 14 OK Success 
[2024-10-03 13:53:33] IMAP> 15 STATUS Bozze (MESSAGES UIDNEXT UIDVALIDITY UNSEEN) 
[2024-10-03 13:53:33] IMAP< * STATUS "Bozze" (MESSAGES 0 UNSEEN 0 UIDNEXT 2 UIDVALIDITY 1) 
[2024-10-03 13:53:33] IMAP< 15 OK Success 
[2024-10-03 13:53:33] IMAP> 16 STATUS Imported (MESSAGES UIDNEXT UIDVALIDITY UNSEEN) 
[2024-10-03 13:53:33] IMAP< * STATUS "Imported" (MESSAGES 0 UNSEEN 0 UIDNEXT 10628 UIDVALIDITY 1) 
[2024-10-03 13:53:33] IMAP< 16 OK Success 
[2024-10-03 13:53:33] IMAP> 17 STATUS Snoozed (MESSAGES UIDNEXT UIDVALIDITY UNSEEN) 
[2024-10-03 13:53:34] IMAP< * STATUS "Snoozed" (MESSAGES 0 UNSEEN 0 UIDNEXT 166 UIDVALIDITY 1) 
[2024-10-03 13:53:34] IMAP< 17 OK Success 
[2024-10-03 13:53:34] IMAP> 18 STATUS Spam (MESSAGES UIDNEXT UIDVALIDITY UNSEEN) 
[2024-10-03 13:53:34] IMAP< * STATUS "Spam" (MESSAGES 1362 UNSEEN 0 UIDNEXT 9762 UIDVALIDITY 1) 
[2024-10-03 13:53:34] IMAP< 18 OK Success 
[2024-10-03 13:53:34] IMAP> 19 STATUS Templates (MESSAGES UIDNEXT UIDVALIDITY UNSEEN) 
[2024-10-03 13:53:34] IMAP< * STATUS "Templates" (MESSAGES 0 UNSEEN 0 UIDNEXT 1 UIDVALIDITY 1) 
[2024-10-03 13:53:34] IMAP< 19 OK Success 
[2024-10-03 13:53:34] * message: Account 'GSSI': Connecting to IMAP server: imap.gmail.com:993...
[2024-10-03 13:53:34] IMAP< * OK Gimap ready for requests from 82.84.61.249 ds1mb12587283edb 
[2024-10-03 13:53:34] * message: IMAP connection is un-authenticated
[2024-10-03 13:53:34] * message: OAuth2 access token still fresh
[2024-10-03 13:53:34] IMAP> 1 CAPABILITY 
[2024-10-03 13:53:34] IMAP< * CAPABILITY IMAP4rev1 UNSELECT IDLE NAMESPACE QUOTA ID XLIST CHILDREN X-GM-EXT-1 XYZZY SASL-IR AUTH=XOAUTH2 AUTH=PLAIN AUTH=PLAIN-CLIENTTOKEN AUTH=OAUTHBEARER 
[2024-10-03 13:53:34] IMAP< 1 OK Thats all she wrote! ds1mb12587283edb 
[2024-10-03 13:53:34] IMAP> Logging federico.simonetta@gssi.it to imap.gmail.com using XOAUTH2
[2024-10-03 13:53:35] IMAP< federico.simonetta@gssi.it authenticated (Success)
[2024-10-03 13:53:35] IMAP< Login to imap.gmail.com successful
[2024-10-03 13:53:35] IMAP> 3 LIST "" "" 
[2024-10-03 13:53:36] IMAP< * LIST (\Noselect) "/" "/" 
[2024-10-03 13:53:36] IMAP< 3 OK Success 
[2024-10-03 13:53:36] IMAP> 4 STATUS INBOX (MESSAGES UIDNEXT UIDVALIDITY UNSEEN) 
[2024-10-03 13:53:36] IMAP< * STATUS "INBOX" (MESSAGES 1000 UIDNEXT 6367 UIDVALIDITY 1 UNSEEN 2) 
[2024-10-03 13:53:36] IMAP< 4 OK Success 
[2024-10-03 13:53:36] IMAP> 5 SELECT INBOX 
[2024-10-03 13:53:36] IMAP< * FLAGS (\Answered \Flagged \Draft \Deleted \Seen $FORWARDED $MDNSent $MailFlagBit0 $MailFlagBit1 $MailFlagBit2 $NotPhishing $Phishing $junk $label2 $labelvivAM24 $labelvivLaudare $labelvivSecurityNotification $labelvivStudenti $labelvivVillaSerafina47 AM24 
[2024-10-03 13:53:36] IMAP< GSSI Junk Laudare MSCA NonJunk Submarine Tesi am24-gssi passaporto studenti) 
[2024-10-03 13:53:36] IMAP< * OK [PERMANENTFLAGS (\Answered \Flagged \Draft \Deleted \Seen $FORWARDED $MDNSent $MailFlagBit0 $MailFlagBit1 $MailFlagBit2 $NotPhishing $Phishing $junk $label2 $labelvivAM24 $labelvivLaudare $labelvivSecurityNotification $labelvivStudenti $labelvivVillaSerafina47 AM24 GSSI Junk Laudare MSCA NonJunk Submarine Tesi am24-gssi passaporto studenti \*)] Flags permitted. 
[2024-10-03 13:53:36] IMAP< * OK [UIDVALIDITY 1] UIDs valid. 
[2024-10-03 13:53:36] IMAP< * 1000 EXISTS 
[2024-10-03 13:53:36] IMAP< * 0 RECENT 
[2024-10-03 13:53:36] IMAP< * OK 
[2024-10-03 13:53:36] IMAP< [UIDNEXT 6367] Predicted next UID. 
[2024-10-03 13:53:36] IMAP< * OK [HIGHESTMODSEQ 453674] 
[2024-10-03 13:53:36] IMAP< 5 OK [READ-WRITE] INBOX selected. (Success) 
[2024-10-03 13:53:36] IMAP- [fetching UIDs...]
[2024-10-03 13:53:36] IMAP> 6 UID FETCH 1:* (UID) 
[2024-10-03 13:53:36] IMAP< [FETCH data - 1026 bytes]
[2024-10-03 13:53:36] IMAP< [FETCH data - 1266 bytes]
[2024-10-03 13:53:36] IMAP< [FETCH data - 1378 bytes]
[2024-10-03 13:53:36] IMAP< [FETCH data - 672 bytes]
[2024-10-03 13:53:36] IMAP< [FETCH data - 350 bytes]
[2024-10-03 13:53:36] IMAP< [FETCH data - 1378 bytes]
[2024-10-03 13:53:36] IMAP< [FETCH data - 1022 bytes]
[2024-10-03 13:53:36] IMAP< [FETCH data - 1378 bytes]
[2024-10-03 13:53:36] IMAP< [FETCH data - 1022 bytes]
[2024-10-03 13:53:36] IMAP< [FETCH data - 1378 bytes]
[2024-10-03 13:53:36] IMAP< [FETCH data - 1022 bytes]
[2024-10-03 13:53:36] IMAP< [FETCH data - 1378 bytes]
[2024-10-03 13:53:36] IMAP< [FETCH data - 1022 bytes]
[2024-10-03 13:53:36] IMAP< [FETCH data - 1378 bytes]
[2024-10-03 13:53:36] IMAP< [FETCH data - 1022 bytes]
[2024-10-03 13:53:36] IMAP< [FETCH data - 1378 bytes]
[2024-10-03 13:53:36] IMAP< [FETCH data - 1022 bytes]
[2024-10-03 13:53:36] IMAP< [FETCH data - 1378 bytes]
[2024-10-03 13:53:36] IMAP< [FETCH data - 1378 bytes]
[2024-10-03 13:53:36] IMAP< [FETCH data - 1378 bytes]
[2024-10-03 13:53:36] IMAP< [FETCH data - 681 bytes]
[2024-10-03 13:53:36] IMAP- [fetching flags...]
[2024-10-03 13:53:36] IMAP> 7 UID FETCH 1:* (FLAGS UID) 
[2024-10-03 13:53:36] IMAP< [FETCH data - 1378 bytes]
[2024-10-03 13:53:36] IMAP< [FETCH data - 672 bytes]
[2024-10-03 13:53:36] IMAP< [FETCH data - 1378 bytes]
[2024-10-03 13:53:36] IMAP< [FETCH data - 1378 bytes]
[2024-10-03 13:53:36] IMAP< [FETCH data - 1342 bytes]
[2024-10-03 13:53:36] IMAP< [FETCH data - 714 bytes]
[2024-10-03 13:53:36] IMAP< [FETCH data - 1378 bytes]
[2024-10-03 13:53:36] IMAP< [FETCH data - 1378 bytes]
[2024-10-03 13:53:36] IMAP< [FETCH data - 1378 bytes]
[2024-10-03 13:53:36] IMAP< [FETCH data - 1378 bytes]
[2024-10-03 13:53:36] IMAP< [FETCH data - 1378 bytes]
[2024-10-03 13:53:36] IMAP< [FETCH data - 317 bytes]
[2024-10-03 13:53:36] IMAP< [FETCH data - 1378 bytes]
[2024-10-03 13:53:36] IMAP< [FETCH data - 1378 bytes]
[2024-10-03 13:53:36] IMAP< [FETCH data - 1378 bytes]
[2024-10-03 13:53:36] IMAP< [FETCH data - 1378 bytes]
[2024-10-03 13:53:36] IMAP< [FETCH data - 1378 bytes]
[2024-10-03 13:53:36] IMAP< [FETCH data - 342 bytes]
[2024-10-03 13:53:36] IMAP< [FETCH data - 1378 bytes]
[2024-10-03 13:53:36] IMAP< [FETCH data - 1378 bytes]
[2024-10-03 13:53:36] IMAP< [FETCH data - 1378 bytes]
[2024-10-03 13:53:36] IMAP< [FETCH data - 1378 bytes]
[2024-10-03 13:53:36] IMAP< [FETCH data - 1378 bytes]
[2024-10-03 13:53:36] IMAP< [FETCH data - 345 bytes]
[2024-10-03 13:53:37] IMAP< [FETCH data - 1378 bytes]
[2024-10-03 13:53:37] IMAP< [FETCH data - 1378 bytes]
[2024-10-03 13:53:37] IMAP< [FETCH data - 1378 bytes]
[2024-10-03 13:53:37] IMAP< [FETCH data - 1378 bytes]
[2024-10-03 13:53:37] IMAP< [FETCH data - 1378 bytes]
[2024-10-03 13:53:37] IMAP< [FETCH data - 532 bytes]
[2024-10-03 13:53:37] IMAP< [FETCH data - 1378 bytes]
[2024-10-03 13:53:37] IMAP< [FETCH data - 1378 bytes]
[2024-10-03 13:53:37] IMAP< [FETCH data - 1378 bytes]
[2024-10-03 13:53:37] IMAP< [FETCH data - 1378 bytes]
[2024-10-03 13:53:37] IMAP< [FETCH data - 1378 bytes]
[2024-10-03 13:53:37] IMAP< [FETCH data - 1005 bytes]
[2024-10-03 13:53:37] IMAP< [FETCH data - 1378 bytes]
[2024-10-03 13:53:37] IMAP< [FETCH data - 1378 bytes]
[2024-10-03 13:53:37] IMAP< [FETCH data - 1378 bytes]
[2024-10-03 13:53:37] IMAP< [FETCH data - 1378 bytes]
[2024-10-03 13:53:37] IMAP< [FETCH data - 1378 bytes]
[2024-10-03 13:53:37] IMAP< [FETCH data - 1211 bytes]
[2024-10-03 13:53:37] IMAP< [FETCH data - 1378 bytes]
[2024-10-03 13:53:37] IMAP< [FETCH data - 1378 bytes]
[2024-10-03 13:53:37] IMAP< [FETCH data - 1378 bytes]
[2024-10-03 13:53:37] IMAP< [FETCH data - 1378 bytes]
[2024-10-03 13:53:37] IMAP< [FETCH data - 1378 bytes]
[2024-10-03 13:53:37] IMAP< [FETCH data - 1067 bytes]
[2024-10-03 13:53:37] IMAP< [FETCH data - 1378 bytes]
[2024-10-03 13:53:37] IMAP< [FETCH data - 1378 bytes]
[2024-10-03 13:53:37] IMAP< [FETCH data - 1378 bytes]
[2024-10-03 13:53:37] IMAP< [FETCH data - 1378 bytes]
[2024-10-03 13:53:37] IMAP< [data - 83 bytes]
[2024-10-03 13:53:37] IMAP< [FETCH data - 1378 bytes]
[2024-10-03 13:53:37] IMAP< [FETCH data - 1221 bytes]
[2024-10-03 13:53:37] IMAP< [data - 48 bytes]
[2024-10-03 13:53:37] IMAP< [FETCH data - 1378 bytes]
[2024-10-03 13:53:37] IMAP< [FETCH data - 1378 bytes]
[2024-10-03 13:53:37] IMAP< [FETCH data - 1378 bytes]
[2024-10-03 13:53:37] IMAP< [FETCH data - 1378 bytes]
[2024-10-03 13:53:37] IMAP< [FETCH data - 840 bytes]
[2024-10-03 13:53:37] IMAP< 7 OK Success 
[2024-10-03 13:53:37] IMAP> 8 STATUS Sent (MESSAGES UIDNEXT UIDVALIDITY UNSEEN) 
[2024-10-03 13:53:37] IMAP< * STATUS "Sent" (MESSAGES 85 UIDNEXT 88 UIDVALIDITY 15 UNSEEN 0) 
[2024-10-03 13:53:37] IMAP< 8 OK Success 
[2024-10-03 13:53:37] IMAP> 9 STATUS Drafts (MESSAGES UIDNEXT UIDVALIDITY UNSEEN) 
[2024-10-03 13:53:37] IMAP< * STATUS "Drafts" (MESSAGES 0 UIDNEXT 47 UIDVALIDITY 16 UNSEEN 0) 
[2024-10-03 13:53:37] IMAP< 9 OK Success 
[2024-10-03 13:53:37] IMAP> 10 STATUS Queue (MESSAGES UIDNEXT UIDVALIDITY UNSEEN) 
[2024-10-03 13:53:37] IMAP< * STATUS "Queue" (MESSAGES 0 UIDNEXT 2 UIDVALIDITY 14 UNSEEN 0) 
[2024-10-03 13:53:37] IMAP< 10 OK Success 
[2024-10-03 13:53:37] IMAP> 11 STATUS Trash (MESSAGES UIDNEXT UIDVALIDITY UNSEEN) 
[2024-10-03 13:53:37] IMAP< * STATUS "Trash" (MESSAGES 216 UIDNEXT 231 UIDVALIDITY 13 UNSEEN 0) 
[2024-10-03 13:53:37] IMAP< 11 OK Success 
[2024-10-03 13:53:37] IMAP> 12 STATUS Archive (MESSAGES UIDNEXT UIDVALIDITY UNSEEN) 
[2024-10-03 13:53:38] IMAP< * STATUS "Archive" (MESSAGES 0 UIDNEXT 2 UIDVALIDITY 17 UNSEEN 0) 
[2024-10-03 13:53:38] IMAP< 12 OK Success 
[2024-10-03 13:53:38] IMAP> 13 STATUS "[Gmail]/Bin" (MESSAGES UIDNEXT UIDVALIDITY UNSEEN) 
[2024-10-03 13:53:38] IMAP< * STATUS "[Gmail]/Bin" (MESSAGES 0 UIDNEXT 43 UIDVALIDITY 2 UNSEEN 0) 
[2024-10-03 13:53:38] IMAP< 13 OK Success 
[2024-10-03 13:53:38] IMAP> 14 STATUS "[Gmail]/Important" (MESSAGES UIDNEXT UIDVALIDITY UNSEEN) 
[2024-10-03 13:53:38] IMAP< * STATUS "[Gmail]/Important" (MESSAGES 0 UIDNEXT 1 UIDVALIDITY 9 UNSEEN 0) 
[2024-10-03 13:53:38] IMAP< 14 OK Success 
[2024-10-03 13:53:38] IMAP> 15 STATUS "[Gmail]/Sent Mail" (MESSAGES UIDNEXT UIDVALIDITY UNSEEN) 
[2024-10-03 13:53:38] IMAP< * STATUS "[Gmail]/Sent Mail" (MESSAGES 760 UIDNEXT 769 UIDVALIDITY 5 UNSEEN 0) 
[2024-10-03 13:53:38] IMAP< 15 OK Success 
[2024-10-03 13:53:38] IMAP> 16 STATUS "[Gmail]/Spam" (MESSAGES UIDNEXT UIDVALIDITY UNSEEN) 
[2024-10-03 13:53:39] IMAP< * STATUS "[Gmail]/Spam" (MESSAGES 13 UIDNEXT 513 UIDVALIDITY 3 UNSEEN 0) 
[2024-10-03 13:53:39] IMAP< 16 OK Success 
[2024-10-03 13:53:57] IMAP> 20 NOOP 
[2024-10-03 13:53:57] IMAP< 20 OK Success 
[2024-10-03 13:54:35] IMAP> 17 NOOP 
[2024-10-03 13:54:35] IMAP< 17 OK Success 
[2024-10-03 13:54:58] IMAP> 21 NOOP 
[2024-10-03 13:54:58] IMAP< 21 OK Success 
[2024-10-03 13:55:35] IMAP> 18 NOOP 
[2024-10-03 13:55:35] IMAP< 18 OK Success 
[2024-10-03 13:55:59] IMAP> 22 NOOP 
[2024-10-03 13:55:59] IMAP< 22 OK Success 
[2024-10-03 13:56:36] IMAP> 19 NOOP 
[2024-10-03 13:56:36] IMAP< 19 OK Success 
[2024-10-03 13:56:59] IMAP> 23 NOOP 
[2024-10-03 13:56:59] IMAP< 23 OK Success 
[2024-10-03 13:57:37] IMAP> 20 NOOP 
[2024-10-03 13:57:37] IMAP< 20 OK Success 
[2024-10-03 13:57:59] IMAP> 24 NOOP 
[2024-10-03 13:57:59] IMAP< 24 OK Success 
[2024-10-03 13:58:37] IMAP> 21 NOOP 
[2024-10-03 13:58:37] IMAP< 21 OK Success 
[2024-10-03 13:58:59] IMAP> 25 NOOP 
[2024-10-03 13:58:59] IMAP< 25 OK Success 
[2024-10-03 13:59:37] IMAP> 22 NOOP 
[2024-10-03 13:59:37] IMAP< 22 OK Success 
[2024-10-03 13:59:59] IMAP> 26 NOOP 
[2024-10-03 13:59:59] IMAP< 26 OK Success 
[2024-10-03 14:00:37] IMAP> 23 NOOP 
[2024-10-03 14:00:37] IMAP< 23 OK Success 
[2024-10-03 14:00:59] IMAP> 27 NOOP 
[2024-10-03 14:00:59] IMAP< 27 OK Success 
[2024-10-03 14:01:37] IMAP> 24 NOOP 
[2024-10-03 14:01:37] IMAP< 24 OK Success 
[2024-10-03 14:01:59] IMAP> 28 NOOP 
[2024-10-03 14:01:59] IMAP< 28 OK Success 
[2024-10-03 14:02:37] IMAP> 25 NOOP 
[2024-10-03 14:02:37] IMAP< 25 OK Success 
[2024-10-03 14:03:00] IMAP> 29 NOOP 
[2024-10-03 14:03:00] IMAP< 29 OK Success 
[2024-10-03 14:03:37] IMAP> 26 NOOP 
[2024-10-03 14:03:37] IMAP< 26 OK Success 
[2024-10-03 14:04:00] IMAP> 30 NOOP 
[2024-10-03 14:04:00] IMAP< 30 OK Success 
[2024-10-03 14:04:10] IMAP- [fetching UIDs...]
[2024-10-03 14:04:10] IMAP> 31 UID FETCH 1:* (UID) 
[2024-10-03 14:04:10] IMAP< [FETCH data - 8192 bytes]
[2024-10-03 14:04:10] IMAP< [FETCH data - 8192 bytes]
[2024-10-03 14:04:10] IMAP< [FETCH data - 398 bytes]
[2024-10-03 14:04:10] IMAP- [fetching flags...]
[2024-10-03 14:04:10] IMAP> 32 UID FETCH 1:* (FLAGS UID) 
[2024-10-03 14:04:11] IMAP< [FETCH data - 8192 bytes]
[2024-10-03 14:04:11] IMAP< [FETCH data - 8192 bytes]
[2024-10-03 14:04:11] IMAP< [FETCH data - 8192 bytes]
[2024-10-03 14:04:11] IMAP< [FETCH data - 8192 bytes]
[2024-10-03 14:04:11] IMAP< [FETCH data - 8192 bytes]
[2024-10-03 14:04:11] IMAP< [FETCH data - 8192 bytes]
[2024-10-03 14:04:11] IMAP< [FETCH data - 2535 bytes]
[2024-10-03 14:04:11] IMAP- [fetching UIDs...]
[2024-10-03 14:04:11] IMAP> 27 UID FETCH 1:* (UID) 
[2024-10-03 14:04:11] IMAP< * 1 FETCH (UID 522
[2024-10-03 14:04:11] IMAP< [FETCH data - 1002 bytes]
[2024-10-03 14:04:11] IMAP< [FETCH data - 1026 bytes]
[2024-10-03 14:04:11] IMAP< [FETCH data - 246 bytes]
[2024-10-03 14:04:11] IMAP< [FETCH data - 1378 bytes]
[2024-10-03 14:04:11] IMAP< [FETCH data - 672 bytes]
[2024-10-03 14:04:11] IMAP< [FETCH data - 350 bytes]
[2024-10-03 14:04:11] IMAP< [FETCH data - 1378 bytes]
[2024-10-03 14:04:11] IMAP< [FETCH data - 1022 bytes]
[2024-10-03 14:04:11] IMAP< [FETCH data - 1378 bytes]
[2024-10-03 14:04:11] IMAP< [FETCH data - 1022 bytes]
[2024-10-03 14:04:11] IMAP< [FETCH data - 1378 bytes]
[2024-10-03 14:04:11] IMAP< [FETCH data - 1378 bytes]
[2024-10-03 14:04:11] IMAP< [FETCH data - 1378 bytes]
[2024-10-03 14:04:11] IMAP< [FETCH data - 1378 bytes]
[2024-10-03 14:04:11] IMAP< [FETCH data - 1378 bytes]
[2024-10-03 14:04:11] IMAP< [FETCH data - 1378 bytes]
[2024-10-03 14:04:11] IMAP< [FETCH data - 1378 bytes]
[2024-10-03 14:04:11] IMAP< [FETCH data - 1378 bytes]
[2024-10-03 14:04:11] IMAP< [FETCH data - 1378 bytes]
[2024-10-03 14:04:11] IMAP< [FETCH data - 1378 bytes]
[2024-10-03 14:04:11] IMAP< [FETCH data - 636 bytes]
[2024-10-03 14:04:11] IMAP- [fetching flags...]
[2024-10-03 14:04:11] IMAP> 28 UID FETCH 1:* (FLAGS UID) 
[2024-10-03 14:04:11] IMAP< [FETCH data - 1378 bytes]
[2024-10-03 14:04:11] IMAP< [FETCH data - 672 bytes]
[2024-10-03 14:04:11] IMAP< [FETCH data - 1378 bytes]
[2024-10-03 14:04:11] IMAP< [FETCH data - 1378 bytes]
[2024-10-03 14:04:11] IMAP< [FETCH data - 1342 bytes]
[2024-10-03 14:04:11] IMAP< [FETCH data - 714 bytes]
[2024-10-03 14:04:11] IMAP< [FETCH data - 1378 bytes]
[2024-10-03 14:04:11] IMAP< [FETCH data - 1378 bytes]
[2024-10-03 14:04:11] IMAP< [FETCH data - 1378 bytes]
[2024-10-03 14:04:11] IMAP< [FETCH data - 1378 bytes]
[2024-10-03 14:04:11] IMAP< [FETCH data - 1378 bytes]
[2024-10-03 14:04:11] IMAP< [FETCH data - 317 bytes]
[2024-10-03 14:04:11] IMAP< [FETCH data - 1378 bytes]
[2024-10-03 14:04:11] IMAP< [FETCH data - 1378 bytes]
[2024-10-03 14:04:11] IMAP< [FETCH data - 1378 bytes]
[2024-10-03 14:04:11] IMAP< [FETCH data - 1378 bytes]
[2024-10-03 14:04:11] IMAP< [FETCH data - 1378 bytes]
[2024-10-03 14:04:11] IMAP< [FETCH data - 342 bytes]
[2024-10-03 14:04:11] IMAP< [FETCH data - 1378 bytes]
[2024-10-03 14:04:11] IMAP< [FETCH data - 1378 bytes]
[2024-10-03 14:04:11] IMAP< [FETCH data - 1378 bytes]
[2024-10-03 14:04:11] IMAP< [FETCH data - 1378 bytes]
[2024-10-03 14:04:11] IMAP< [FETCH data - 1378 bytes]
[2024-10-03 14:04:11] IMAP< [FETCH data - 345 bytes]
[2024-10-03 14:04:11] IMAP< [FETCH data - 1378 bytes]
[2024-10-03 14:04:11] IMAP< [FETCH data - 1378 bytes]
[2024-10-03 14:04:11] IMAP< [FETCH data - 1378 bytes]
[2024-10-03 14:04:11] IMAP< [FETCH data - 1378 bytes]
[2024-10-03 14:04:11] IMAP< [FETCH data - 1378 bytes]
[2024-10-03 14:04:11] IMAP< [FETCH data - 532 bytes]
[2024-10-03 14:04:11] IMAP< [FETCH data - 1378 bytes]
[2024-10-03 14:04:11] IMAP< [FETCH data - 1378 bytes]
[2024-10-03 14:04:11] IMAP< [FETCH data - 1378 bytes]
[2024-10-03 14:04:11] IMAP< [FETCH data - 1378 bytes]
[2024-10-03 14:04:11] IMAP< [FETCH data - 1378 bytes]
[2024-10-03 14:04:11] IMAP< [FETCH data - 1005 bytes]
[2024-10-03 14:04:11] IMAP< [FETCH data - 1378 bytes]
[2024-10-03 14:04:11] IMAP< [FETCH data - 1378 bytes]
[2024-10-03 14:04:11] IMAP< [FETCH data - 1378 bytes]
[2024-10-03 14:04:11] IMAP< [FETCH data - 1378 bytes]
[2024-10-03 14:04:11] IMAP< [FETCH data - 1378 bytes]
[2024-10-03 14:04:11] IMAP< [FETCH data - 1211 bytes]
[2024-10-03 14:04:11] IMAP< [FETCH data - 1378 bytes]
[2024-10-03 14:04:11] IMAP< [FETCH data - 1378 bytes]
[2024-10-03 14:04:11] IMAP< [FETCH data - 1378 bytes]
[2024-10-03 14:04:12] IMAP< [FETCH data - 1378 bytes]
[2024-10-03 14:04:12] IMAP< [FETCH data - 1378 bytes]
[2024-10-03 14:04:12] IMAP< [FETCH data - 1067 bytes]
[2024-10-03 14:04:12] IMAP< [FETCH data - 1378 bytes]
[2024-10-03 14:04:12] IMAP< [FETCH data - 1378 bytes]
[2024-10-03 14:04:12] IMAP< [FETCH data - 1378 bytes]
[2024-10-03 14:04:12] IMAP< [FETCH data - 1378 bytes]
[2024-10-03 14:04:12] IMAP< [FETCH data - 1378 bytes]
[2024-10-03 14:04:12] IMAP< [FETCH data - 1302 bytes]
[2024-10-03 14:04:12] IMAP< [data - 50 bytes]
[2024-10-03 14:04:12] IMAP< [FETCH data - 1378 bytes]
[2024-10-03 14:04:12] IMAP< [FETCH data - 1378 bytes]
[2024-10-03 14:04:12] IMAP< [FETCH data - 1378 bytes]
[2024-10-03 14:04:12] IMAP< [FETCH data - 1378 bytes]
[2024-10-03 14:04:12] IMAP< [FETCH data - 840 bytes]
[2024-10-03 14:04:12] IMAP< 28 OK Success 
[2024-10-03 14:04:12] IMAP> 33 STATUS Sent (MESSAGES UIDNEXT UIDVALIDITY UNSEEN) 
[2024-10-03 14:04:12] IMAP< * STATUS "Sent" (MESSAGES 67 UNSEEN 0 UIDNEXT 2280 UIDVALIDITY 1) 
[2024-10-03 14:04:12] IMAP< 33 OK Success 
[2024-10-03 14:04:12] IMAP> 34 STATUS Drafts (MESSAGES UIDNEXT UIDVALIDITY UNSEEN) 
[2024-10-03 14:04:12] IMAP< * STATUS "Drafts" (MESSAGES 0 UNSEEN 0 UIDNEXT 7457 UIDVALIDITY 1) 
[2024-10-03 14:04:12] IMAP< 34 OK Success 
[2024-10-03 14:04:12] IMAP> 35 STATUS Queue (MESSAGES UIDNEXT UIDVALIDITY UNSEEN) 
[2024-10-03 14:04:12] IMAP< * STATUS "Queue" (MESSAGES 0 UNSEEN 0 UIDNEXT 1 UIDVALIDITY 1) 
[2024-10-03 14:04:12] IMAP< 35 OK Success 
[2024-10-03 14:04:12] IMAP> 36 STATUS Trash (MESSAGES UIDNEXT UIDVALIDITY UNSEEN) 
[2024-10-03 14:04:13] IMAP< * STATUS "Trash" (MESSAGES 9 UNSEEN 0 UIDNEXT 828 UIDVALIDITY 1) 
[2024-10-03 14:04:13] IMAP< 36 OK Success 
[2024-10-03 14:04:13] IMAP> 37 STATUS Archive (MESSAGES UIDNEXT UIDVALIDITY UNSEEN) 
[2024-10-03 14:04:13] IMAP< * STATUS "Archive" (MESSAGES 5 UNSEEN 0 UIDNEXT 6 UIDVALIDITY 1) 
[2024-10-03 14:04:13] IMAP< 37 OK Success 
[2024-10-03 14:04:13] IMAP> 38 STATUS Bozze (MESSAGES UIDNEXT UIDVALIDITY UNSEEN) 
[2024-10-03 14:04:13] IMAP< * STATUS "Bozze" (MESSAGES 0 UNSEEN 0 UIDNEXT 2 UIDVALIDITY 1) 
[2024-10-03 14:04:13] IMAP< 38 OK Success 
[2024-10-03 14:04:13] IMAP> 39 STATUS Imported (MESSAGES UIDNEXT UIDVALIDITY UNSEEN) 
[2024-10-03 14:04:13] IMAP< * STATUS "Imported" (MESSAGES 0 UNSEEN 0 UIDNEXT 10628 UIDVALIDITY 1) 
[2024-10-03 14:04:13] IMAP< 39 OK Success 
[2024-10-03 14:04:13] IMAP> 40 STATUS Snoozed (MESSAGES UIDNEXT UIDVALIDITY UNSEEN) 
[2024-10-03 14:04:14] IMAP< * STATUS "Snoozed" (MESSAGES 0 UNSEEN 0 UIDNEXT 166 UIDVALIDITY 1) 
[2024-10-03 14:04:14] IMAP< 40 OK Success 
[2024-10-03 14:04:14] IMAP> 41 STATUS Spam (MESSAGES UIDNEXT UIDVALIDITY UNSEEN) 
[2024-10-03 14:04:14] IMAP< * STATUS "Spam" (MESSAGES 1362 UNSEEN 0 UIDNEXT 9762 UIDVALIDITY 1) 
[2024-10-03 14:04:14] IMAP< 41 OK Success 
[2024-10-03 14:04:14] IMAP> 42 STATUS Templates (MESSAGES UIDNEXT UIDVALIDITY UNSEEN) 
[2024-10-03 14:04:14] IMAP< * STATUS "Templates" (MESSAGES 0 UNSEEN 0 UIDNEXT 1 UIDVALIDITY 1) 
[2024-10-03 14:04:14] IMAP< 42 OK Success 
[2024-10-03 14:04:14] IMAP- [fetching UIDs...]
[2024-10-03 14:04:14] IMAP> 29 UID FETCH 1:* (UID) 
[2024-10-03 14:04:14] IMAP< [FETCH data - 1378 bytes]
[2024-10-03 14:04:14] IMAP< [FETCH data - 914 bytes]
[2024-10-03 14:04:14] IMAP< [FETCH data - 1378 bytes]
[2024-10-03 14:04:14] IMAP< [FETCH data - 1022 bytes]
[2024-10-03 14:04:14] IMAP< [FETCH data - 1378 bytes]
[2024-10-03 14:04:14] IMAP< [FETCH data - 1022 bytes]
[2024-10-03 14:04:14] IMAP< [FETCH data - 1378 bytes]
[2024-10-03 14:04:14] IMAP< [FETCH data - 1022 bytes]
[2024-10-03 14:04:14] IMAP< [FETCH data - 1378 bytes]
[2024-10-03 14:04:14] IMAP< [FETCH data - 1022 bytes]
[2024-10-03 14:04:14] IMAP< [FETCH data - 1378 bytes]
[2024-10-03 14:04:14] IMAP< [FETCH data - 1022 bytes]
[2024-10-03 14:04:14] IMAP< [FETCH data - 1378 bytes]
[2024-10-03 14:04:14] IMAP< [FETCH data - 1022 bytes]
[2024-10-03 14:04:14] IMAP< [FETCH data - 1378 bytes]
[2024-10-03 14:04:14] IMAP< [FETCH data - 1022 bytes]
[2024-10-03 14:04:14] IMAP< [FETCH data - 1378 bytes]
[2024-10-03 14:04:14] IMAP< [FETCH data - 1022 bytes]
[2024-10-03 14:04:14] IMAP< [FETCH data - 1378 bytes]
[2024-10-03 14:04:14] IMAP< [FETCH data - 1038 bytes]
[2024-10-03 14:04:14] IMAP- [fetching flags...]
[2024-10-03 14:04:14] IMAP> 30 UID FETCH 1:* (FLAGS UID) 
[2024-10-03 14:04:14] IMAP< [FETCH data - 1378 bytes]
[2024-10-03 14:04:14] IMAP< [FETCH data - 672 bytes]
[2024-10-03 14:04:14] IMAP< [FETCH data - 1378 bytes]
[2024-10-03 14:04:14] IMAP< [FETCH data - 1378 bytes]
[2024-10-03 14:04:14] IMAP< [FETCH data - 1342 bytes]
[2024-10-03 14:04:14] IMAP< [FETCH data - 714 bytes]
[2024-10-03 14:04:14] IMAP< [FETCH data - 1378 bytes]
[2024-10-03 14:04:14] IMAP< [FETCH data - 1378 bytes]
[2024-10-03 14:04:14] IMAP< [FETCH data - 1378 bytes]
[2024-10-03 14:04:14] IMAP< [FETCH data - 1378 bytes]
[2024-10-03 14:04:14] IMAP< [FETCH data - 1378 bytes]
[2024-10-03 14:04:14] IMAP< [FETCH data - 317 bytes]
[2024-10-03 14:04:14] IMAP< [FETCH data - 1378 bytes]
[2024-10-03 14:04:14] IMAP< [FETCH data - 1378 bytes]
[2024-10-03 14:04:14] IMAP< [FETCH data - 1378 bytes]
[2024-10-03 14:04:14] IMAP< [FETCH data - 1378 bytes]
[2024-10-03 14:04:14] IMAP< [FETCH data - 1378 bytes]
[2024-10-03 14:04:14] IMAP< [FETCH data - 342 bytes]
[2024-10-03 14:04:14] IMAP< [FETCH data - 1378 bytes]
[2024-10-03 14:04:14] IMAP< [FETCH data - 1378 bytes]
[2024-10-03 14:04:14] IMAP< [FETCH data - 1378 bytes]
[2024-10-03 14:04:14] IMAP< [FETCH data - 1378 bytes]
[2024-10-03 14:04:14] IMAP< [FETCH data - 1378 bytes]
[2024-10-03 14:04:14] IMAP< [FETCH data - 345 bytes]
[2024-10-03 14:04:14] IMAP< [FETCH data - 1378 bytes]
[2024-10-03 14:04:14] IMAP< [FETCH data - 1378 bytes]
[2024-10-03 14:04:14] IMAP< [FETCH data - 1378 bytes]
[2024-10-03 14:04:14] IMAP< [FETCH data - 1378 bytes]
[2024-10-03 14:04:14] IMAP< [FETCH data - 1378 bytes]
[2024-10-03 14:04:14] IMAP< [FETCH data - 532 bytes]
[2024-10-03 14:04:14] IMAP< [FETCH data - 1378 bytes]
[2024-10-03 14:04:14] IMAP< [FETCH data - 1378 bytes]
[2024-10-03 14:04:14] IMAP< [FETCH data - 1378 bytes]
[2024-10-03 14:04:14] IMAP< [FETCH data - 1378 bytes]
[2024-10-03 14:04:14] IMAP< [FETCH data - 1378 bytes]
[2024-10-03 14:04:14] IMAP< [FETCH data - 1005 bytes]
[2024-10-03 14:04:15] IMAP< [FETCH data - 1378 bytes]
[2024-10-03 14:04:15] IMAP< [FETCH data - 1378 bytes]
[2024-10-03 14:04:15] IMAP< [FETCH data - 1378 bytes]
[2024-10-03 14:04:15] IMAP< [FETCH data - 1378 bytes]
[2024-10-03 14:04:15] IMAP< [FETCH data - 1378 bytes]
[2024-10-03 14:04:15] IMAP< [FETCH data - 1211 bytes]
[2024-10-03 14:04:15] IMAP< [FETCH data - 1378 bytes]
[2024-10-03 14:04:15] IMAP< [FETCH data - 1378 bytes]
[2024-10-03 14:04:15] IMAP< [FETCH data - 1378 bytes]
[2024-10-03 14:04:15] IMAP< [FETCH data - 1378 bytes]
[2024-10-03 14:04:15] IMAP< [FETCH data - 1378 bytes]
[2024-10-03 14:04:15] IMAP< [FETCH data - 1067 bytes]
[2024-10-03 14:04:15] IMAP< [FETCH data - 1378 bytes]
[2024-10-03 14:04:15] IMAP< [FETCH data - 1378 bytes]
[2024-10-03 14:04:15] IMAP< [FETCH data - 1378 bytes]
[2024-10-03 14:04:15] IMAP< [FETCH data - 1378 bytes]
[2024-10-03 14:04:15] IMAP< [FETCH data - 1378 bytes]
[2024-10-03 14:04:15] IMAP< [FETCH data - 1302 bytes]
[2024-10-03 14:04:15] IMAP< [data - 50 bytes]
[2024-10-03 14:04:15] IMAP< [FETCH data - 1378 bytes]
[2024-10-03 14:04:15] IMAP< [FETCH data - 1378 bytes]
[2024-10-03 14:04:15] IMAP< [FETCH data - 1378 bytes]
[2024-10-03 14:04:15] IMAP< [FETCH data - 1378 bytes]
[2024-10-03 14:04:15] IMAP< [FETCH data - 855 bytes]
[2024-10-03 14:04:15] IMAP> 31 STATUS Sent (MESSAGES UIDNEXT UIDVALIDITY UNSEEN) 
[2024-10-03 14:04:15] IMAP< * STATUS "Sent" (MESSAGES 85 UIDNEXT 88 UIDVALIDITY 15 UNSEEN 0) 
[2024-10-03 14:04:15] IMAP< 31 OK Success 
[2024-10-03 14:04:15] IMAP> 32 STATUS Drafts (MESSAGES UIDNEXT UIDVALIDITY UNSEEN) 
[2024-10-03 14:04:15] IMAP< * STATUS "Drafts" (MESSAGES 0 UIDNEXT 47 UIDVALIDITY 16 UNSEEN 0) 
[2024-10-03 14:04:15] IMAP< 32 OK Success 
[2024-10-03 14:04:15] IMAP> 33 STATUS Queue (MESSAGES UIDNEXT UIDVALIDITY UNSEEN) 
[2024-10-03 14:04:15] IMAP< * STATUS "Queue" (MESSAGES 0 UIDNEXT 2 UIDVALIDITY 14 UNSEEN 0) 
[2024-10-03 14:04:15] IMAP< 33 OK Success 
[2024-10-03 14:04:15] IMAP> 34 STATUS Trash (MESSAGES UIDNEXT UIDVALIDITY UNSEEN) 
[2024-10-03 14:04:15] IMAP< * STATUS "Trash" (MESSAGES 216 UIDNEXT 231 UIDVALIDITY 13 UNSEEN 0) 
[2024-10-03 14:04:15] IMAP< 34 OK Success 
[2024-10-03 14:04:15] IMAP> 35 STATUS Archive (MESSAGES UIDNEXT UIDVALIDITY UNSEEN) 
[2024-10-03 14:04:16] IMAP< * STATUS "Archive" (MESSAGES 0 UIDNEXT 2 UIDVALIDITY 17 UNSEEN 0) 
[2024-10-03 14:04:16] IMAP< 35 OK Success 
[2024-10-03 14:04:16] IMAP> 36 STATUS "[Gmail]/Bin" (MESSAGES UIDNEXT UIDVALIDITY UNSEEN) 
[2024-10-03 14:04:16] IMAP< * STATUS "[Gmail]/Bin" (MESSAGES 0 UIDNEXT 43 UIDVALIDITY 2 UNSEEN 0) 
[2024-10-03 14:04:16] IMAP< 36 OK Success 
[2024-10-03 14:04:16] IMAP> 37 STATUS "[Gmail]/Important" (MESSAGES UIDNEXT UIDVALIDITY UNSEEN) 
[2024-10-03 14:04:16] IMAP< * STATUS "[Gmail]/Important" (MESSAGES 0 UIDNEXT 1 UIDVALIDITY 9 UNSEEN 0) 
[2024-10-03 14:04:16] IMAP< 37 OK Success 
[2024-10-03 14:04:16] IMAP> 38 STATUS "[Gmail]/Sent Mail" (MESSAGES UIDNEXT UIDVALIDITY UNSEEN) 
[2024-10-03 14:04:16] IMAP< * STATUS "[Gmail]/Sent Mail" (MESSAGES 760 UIDNEXT 769 UIDVALIDITY 5 UNSEEN 0) 
[2024-10-03 14:04:16] IMAP< 38 OK Success 
[2024-10-03 14:04:16] IMAP> 39 STATUS "[Gmail]/Spam" (MESSAGES UIDNEXT UIDVALIDITY UNSEEN) 
[2024-10-03 14:04:16] IMAP< * STATUS "[Gmail]/Spam" (MESSAGES 13 UIDNEXT 513 UIDVALIDITY 3 UNSEEN 0) 
[2024-10-03 14:04:16] IMAP< 39 OK Success 
[2024-10-03 14:04:21] IMAP> 40 UID STORE 6366 +FLAGS.SILENT (\Seen) 
[2024-10-03 14:04:21] IMAP< * 1000 FETCH (UID 6366 FLAGS (\Seen)) 
[2024-10-03 14:04:21] IMAP< 40 OK Success 
[2024-10-03 14:04:22] IMAP> 41 UID STORE 6365 +FLAGS.SILENT (\Seen) 
[2024-10-03 14:04:22] IMAP< * 999 FETCH (UID 6365 FLAGS (\Seen
[2024-10-03 14:04:22] IMAP< )) 
[2024-10-03 14:04:22] IMAP< 41 OK Success 
[2024-10-03 14:04:36] IMAP- [fetching UIDs...]
[2024-10-03 14:04:36] IMAP> 43 UID FETCH 1:* (UID) 
[2024-10-03 14:04:36] IMAP< [FETCH data - 8192 bytes]
[2024-10-03 14:04:36] IMAP< [FETCH data - 8192 bytes]
[2024-10-03 14:04:36] IMAP< [FETCH data - 398 bytes]
[2024-10-03 14:04:36] IMAP- [fetching flags...]
[2024-10-03 14:04:36] IMAP> 44 UID FETCH 1:* (FLAGS UID) 
[2024-10-03 14:04:36] IMAP< [FETCH data - 8192 bytes]
[2024-10-03 14:04:36] IMAP< [FETCH data - 8192 bytes]
[2024-10-03 14:04:37] IMAP< [FETCH data - 8192 bytes]
[2024-10-03 14:04:37] IMAP< [FETCH data - 8192 bytes]
[2024-10-03 14:04:37] IMAP< [FETCH data - 8192 bytes]
[2024-10-03 14:04:37] IMAP< [FETCH data - 8192 bytes]
[2024-10-03 14:04:37] IMAP< [FETCH data - 2535 bytes]
[2024-10-03 14:04:38] IMAP> 42 NOOP 
[2024-10-03 14:04:38] IMAP< 42 OK Success 
[2024-10-03 14:04:40] IMAP> 45 UID STORE 24876 +FLAGS.SILENT (\Seen) 
[2024-10-03 14:04:40] IMAP< 45 OK Success 
[2024-10-03 14:04:44] IMAP> 46 UID STORE 24878 +FLAGS.SILENT (\Seen) 
[2024-10-03 14:04:45] IMAP< 46 OK Success 
[2024-10-03 14:05:00] IMAP> 47 NOOP 
[2024-10-03 14:05:00] IMAP< * 673 FETCH (FLAGS (\Recent \Seen) UID 24876) 
[2024-10-03 14:05:00] IMAP< * 675 FETCH (FLAGS (\Recent \Seen) UID 24878) 
[2024-10-03 14:05:00] IMAP< 47 OK Success 
[2024-10-03 14:05:39] IMAP> 43 NOOP 
[2024-10-03 14:05:39] IMAP< 43 OK Success 
[2024-10-03 14:06:00] IMAP> 48 NOOP 
[2024-10-03 14:06:00] IMAP< 48 OK Success 
[2024-10-03 14:06:39] IMAP> 44 NOOP 
[2024-10-03 14:06:39] IMAP< 44 OK Success 
[2024-10-03 14:07:00] IMAP> 49 NOOP 
[2024-10-03 14:07:00] IMAP< 49 OK Success 
[2024-10-03 14:07:39] IMAP> 45 NOOP 
[2024-10-03 14:07:39] IMAP< 45 OK Success 
[2024-10-03 14:08:00] IMAP> 50 NOOP 
[2024-10-03 14:08:00] IMAP< 50 OK Success 
[2024-10-03 14:08:39] IMAP> 46 NOOP 
[2024-10-03 14:08:39] IMAP< 46 OK Success 
[2024-10-03 14:09:00] IMAP> 51 NOOP 
[2024-10-03 14:09:00] IMAP< 51 OK Success 
[2024-10-03 14:09:27] IMAP- [fetching UIDs...]
[2024-10-03 14:09:27] IMAP> 52 UID FETCH 1:* (UID) 
[2024-10-03 14:09:27] IMAP< [FETCH data - 8192 bytes]
[2024-10-03 14:09:27] IMAP< [FETCH data - 8192 bytes]
[2024-10-03 14:09:27] IMAP< [FETCH data - 398 bytes]
[2024-10-03 14:09:27] IMAP- [fetching flags...]
[2024-10-03 14:09:27] IMAP> 53 UID FETCH 1:* (FLAGS UID) 
[2024-10-03 14:09:28] IMAP< [FETCH data - 8192 bytes]
[2024-10-03 14:09:28] IMAP< [FETCH data - 8192 bytes]
[2024-10-03 14:09:28] IMAP< [FETCH data - 8192 bytes]
[2024-10-03 14:09:28] IMAP< [FETCH data - 8192 bytes]
[2024-10-03 14:09:28] IMAP< [FETCH data - 8192 bytes]
[2024-10-03 14:09:28] IMAP< [FETCH data - 8192 bytes]
[2024-10-03 14:09:28] IMAP< [FETCH data - 2547 bytes]
[2024-10-03 14:09:28] IMAP> 54 STATUS Sent (MESSAGES UIDNEXT UIDVALIDITY UNSEEN) 
[2024-10-03 14:09:28] IMAP< * STATUS "Sent" (MESSAGES 67 UNSEEN 0 UIDNEXT 2280 UIDVALIDITY 1) 
[2024-10-03 14:09:28] IMAP< 54 OK Success 
[2024-10-03 14:09:28] IMAP> 55 STATUS Drafts (MESSAGES UIDNEXT UIDVALIDITY UNSEEN) 
[2024-10-03 14:09:28] IMAP< * STATUS "Drafts" (MESSAGES 0 UNSEEN 0 UIDNEXT 7457 UIDVALIDITY 1) 
[2024-10-03 14:09:28] IMAP< 55 OK Success 
[2024-10-03 14:09:28] IMAP> 56 STATUS Queue (MESSAGES UIDNEXT UIDVALIDITY UNSEEN) 
[2024-10-03 14:09:29] IMAP< * STATUS "Queue" (MESSAGES 0 UNSEEN 0 UIDNEXT 1 UIDVALIDITY 1) 
[2024-10-03 14:09:29] IMAP< 56 OK Success 
[2024-10-03 14:09:29] IMAP> 57 STATUS Trash (MESSAGES UIDNEXT UIDVALIDITY UNSEEN) 
[2024-10-03 14:09:29] IMAP< * STATUS "Trash" (MESSAGES 9 UNSEEN 0 UIDNEXT 828 UIDVALIDITY 1) 
[2024-10-03 14:09:29] IMAP< 57 OK Success 
[2024-10-03 14:09:29] IMAP> 58 STATUS Archive (MESSAGES UIDNEXT UIDVALIDITY UNSEEN) 
[2024-10-03 14:09:29] IMAP< * STATUS "Archive" (MESSAGES 5 UNSEEN 0 UIDNEXT 6 UIDVALIDITY 1) 
[2024-10-03 14:09:29] IMAP< 58 OK Success 
[2024-10-03 14:09:29] IMAP> 59 STATUS Bozze (MESSAGES UIDNEXT UIDVALIDITY UNSEEN) 
[2024-10-03 14:09:29] IMAP< * STATUS "Bozze" (MESSAGES 0 UNSEEN 0 UIDNEXT 2 UIDVALIDITY 1) 
[2024-10-03 14:09:29] IMAP< 59 OK Success 
[2024-10-03 14:09:29] IMAP> 60 STATUS Imported (MESSAGES UIDNEXT UIDVALIDITY UNSEEN) 
[2024-10-03 14:09:30] IMAP< * STATUS "Imported" (MESSAGES 0 UNSEEN 0 UIDNEXT 10628 UIDVALIDITY 1) 
[2024-10-03 14:09:30] IMAP< 60 OK Success 
[2024-10-03 14:09:30] IMAP> 61 STATUS Snoozed (MESSAGES UIDNEXT UIDVALIDITY UNSEEN) 
[2024-10-03 14:09:30] IMAP< * STATUS "Snoozed" (MESSAGES 0 UNSEEN 0 UIDNEXT 166 UIDVALIDITY 1) 
[2024-10-03 14:09:30] IMAP< 61 OK Success 
[2024-10-03 14:09:30] IMAP> 62 STATUS Spam (MESSAGES UIDNEXT UIDVALIDITY UNSEEN) 
[2024-10-03 14:09:30] IMAP< * STATUS "Spam" (MESSAGES 1362 UNSEEN 0 UIDNEXT 9762 UIDVALIDITY 1) 
[2024-10-03 14:09:30] IMAP< 62 OK Success 
[2024-10-03 14:09:30] IMAP> 63 STATUS Templates (MESSAGES UIDNEXT UIDVALIDITY UNSEEN) 
[2024-10-03 14:09:30] IMAP< * STATUS "Templates" (MESSAGES 0 UNSEEN 0 UIDNEXT 1 UIDVALIDITY 1) 
[2024-10-03 14:09:30] IMAP< 63 OK Success 
[2024-10-03 14:09:30] IMAP- [fetching UIDs...]
[2024-10-03 14:09:30] IMAP> 47 UID FETCH 1:* (UID) 
[2024-10-03 14:09:30] IMAP< * 1 FETCH (UID 522
[2024-10-03 14:09:30] IMAP< [data - 34 bytes]
[2024-10-03 14:09:30] IMAP< [FETCH data - 968 bytes]
[2024-10-03 14:09:30] IMAP< [FETCH data - 1026 bytes]
[2024-10-03 14:09:30] IMAP< [FETCH data - 246 bytes]
[2024-10-03 14:09:30] IMAP< [FETCH data - 1378 bytes]
[2024-10-03 14:09:30] IMAP< [FETCH data - 672 bytes]
[2024-10-03 14:09:30] IMAP< [FETCH data - 350 bytes]
[2024-10-03 14:09:30] IMAP< [FETCH data - 1378 bytes]
[2024-10-03 14:09:30] IMAP< [FETCH data - 1022 bytes]
[2024-10-03 14:09:30] IMAP< [FETCH data - 1378 bytes]
[2024-10-03 14:09:30] IMAP< [FETCH data - 1022 bytes]
[2024-10-03 14:09:30] IMAP< [FETCH data - 1378 bytes]
[2024-10-03 14:09:30] IMAP< [FETCH data - 1022 bytes]
[2024-10-03 14:09:30] IMAP< [FETCH data - 1378 bytes]
[2024-10-03 14:09:30] IMAP< [FETCH data - 1022 bytes]
[2024-10-03 14:09:30] IMAP< [FETCH data - 1378 bytes]
[2024-10-03 14:09:30] IMAP< [FETCH data - 1022 bytes]
[2024-10-03 14:09:30] IMAP< [FETCH data - 1378 bytes]
[2024-10-03 14:09:30] IMAP< [FETCH data - 1022 bytes]
[2024-10-03 14:09:30] IMAP< [FETCH data - 1378 bytes]
[2024-10-03 14:09:30] IMAP< [FETCH data - 1378 bytes]
[2024-10-03 14:09:30] IMAP< [FETCH data - 1378 bytes]
[2024-10-03 14:09:30] IMAP< [FETCH data - 682 bytes]
[2024-10-03 14:09:30] IMAP- [fetching flags...]
[2024-10-03 14:09:30] IMAP> 48 UID FETCH 1:* (FLAGS UID) 
[2024-10-03 14:09:31] IMAP< [FETCH data - 1378 bytes]
[2024-10-03 14:09:31] IMAP< [FETCH data - 672 bytes]
[2024-10-03 14:09:31] IMAP< [FETCH data - 1378 bytes]
[2024-10-03 14:09:31] IMAP< [FETCH data - 1378 bytes]
[2024-10-03 14:09:31] IMAP< [FETCH data - 1342 bytes]
[2024-10-03 14:09:31] IMAP< [FETCH data - 714 bytes]
[2024-10-03 14:09:31] IMAP< [FETCH data - 1378 bytes]
[2024-10-03 14:09:31] IMAP< [FETCH data - 1378 bytes]
[2024-10-03 14:09:31] IMAP< [FETCH data - 1378 bytes]
[2024-10-03 14:09:31] IMAP< [FETCH data - 1378 bytes]
[2024-10-03 14:09:31] IMAP< [FETCH data - 1378 bytes]
[2024-10-03 14:09:31] IMAP< [FETCH data - 317 bytes]
[2024-10-03 14:09:31] IMAP< [FETCH data - 1378 bytes]
[2024-10-03 14:09:31] IMAP< [FETCH data - 1378 bytes]
[2024-10-03 14:09:31] IMAP< [FETCH data - 1378 bytes]
[2024-10-03 14:09:31] IMAP< [FETCH data - 1378 bytes]
[2024-10-03 14:09:31] IMAP< [FETCH data - 1378 bytes]
[2024-10-03 14:09:31] IMAP< [FETCH data - 342 bytes]
[2024-10-03 14:09:31] IMAP< [FETCH data - 1378 bytes]
[2024-10-03 14:09:31] IMAP< [FETCH data - 1378 bytes]
[2024-10-03 14:09:31] IMAP< [FETCH data - 1378 bytes]
[2024-10-03 14:09:31] IMAP< [FETCH data - 1378 bytes]
[2024-10-03 14:09:31] IMAP< [FETCH data - 1378 bytes]
[2024-10-03 14:09:31] IMAP< [FETCH data - 345 bytes]
[2024-10-03 14:09:31] IMAP< [FETCH data - 1378 bytes]
[2024-10-03 14:09:31] IMAP< [FETCH data - 1378 bytes]
[2024-10-03 14:09:31] IMAP< [FETCH data - 1378 bytes]
[2024-10-03 14:09:31] IMAP< [FETCH data - 1378 bytes]
[2024-10-03 14:09:31] IMAP< [FETCH data - 1378 bytes]
[2024-10-03 14:09:31] IMAP< [FETCH data - 532 bytes]
[2024-10-03 14:09:31] IMAP< [FETCH data - 1378 bytes]
[2024-10-03 14:09:31] IMAP< [FETCH data - 1378 bytes]
[2024-10-03 14:09:31] IMAP< [FETCH data - 1378 bytes]
[2024-10-03 14:09:31] IMAP< [FETCH data - 1378 bytes]
[2024-10-03 14:09:31] IMAP< [FETCH data - 1378 bytes]
[2024-10-03 14:09:31] IMAP< [FETCH data - 1005 bytes]
[2024-10-03 14:09:31] IMAP< [FETCH data - 1378 bytes]
[2024-10-03 14:09:31] IMAP< [FETCH data - 1378 bytes]
[2024-10-03 14:09:31] IMAP< [FETCH data - 1378 bytes]
[2024-10-03 14:09:31] IMAP< [FETCH data - 1378 bytes]
[2024-10-03 14:09:31] IMAP< [FETCH data - 1378 bytes]
[2024-10-03 14:09:31] IMAP< [FETCH data - 1211 bytes]
[2024-10-03 14:09:31] IMAP< [FETCH data - 1378 bytes]
[2024-10-03 14:09:31] IMAP< [FETCH data - 1378 bytes]
[2024-10-03 14:09:31] IMAP< [FETCH data - 1378 bytes]
[2024-10-03 14:09:31] IMAP< [FETCH data - 1378 bytes]
[2024-10-03 14:09:31] IMAP< [FETCH data - 1378 bytes]
[2024-10-03 14:09:31] IMAP< [FETCH data - 1067 bytes]
[2024-10-03 14:09:31] IMAP< [FETCH data - 1378 bytes]
[2024-10-03 14:09:31] IMAP< [FETCH data - 1378 bytes]
[2024-10-03 14:09:31] IMAP< [FETCH data - 1378 bytes]
[2024-10-03 14:09:31] IMAP< [FETCH data - 1378 bytes]
[2024-10-03 14:09:31] IMAP< [FETCH data - 1378 bytes]
[2024-10-03 14:09:31] IMAP< [FETCH data - 1302 bytes]
[2024-10-03 14:09:31] IMAP< [data - 50 bytes]
[2024-10-03 14:09:31] IMAP< [FETCH data - 1378 bytes]
[2024-10-03 14:09:31] IMAP< [FETCH data - 1378 bytes]
[2024-10-03 14:09:31] IMAP< [FETCH data - 1378 bytes]
[2024-10-03 14:09:31] IMAP< [FETCH data - 1378 bytes]
[2024-10-03 14:09:31] IMAP< [FETCH data - 850 bytes]
[2024-10-03 14:09:31] IMAP< 48 OK Success 
[2024-10-03 14:09:31] IMAP> 49 STATUS Sent (MESSAGES UIDNEXT UIDVALIDITY UNSEEN) 
[2024-10-03 14:09:31] IMAP< * STATUS "Sent" (MESSAGES 85 UIDNEXT 88 UIDVALIDITY 15 UNSEEN 0) 
[2024-10-03 14:09:31] IMAP< 49 OK Success 
[2024-10-03 14:09:31] IMAP> 50 STATUS Drafts (MESSAGES UIDNEXT UIDVALIDITY UNSEEN) 
[2024-10-03 14:09:31] IMAP< * STATUS "Drafts" (MESSAGES 0 UIDNEXT 47 UIDVALIDITY 16 UNSEEN 0) 
[2024-10-03 14:09:31] IMAP< 50 OK Success 
[2024-10-03 14:09:31] IMAP> 51 STATUS Queue (MESSAGES UIDNEXT UIDVALIDITY UNSEEN) 
[2024-10-03 14:09:31] IMAP< * STATUS "Queue" (MESSAGES 0 UIDNEXT 2 UIDVALIDITY 14 UNSEEN 0) 
[2024-10-03 14:09:31] IMAP< 51 OK Success 
[2024-10-03 14:09:31] IMAP> 52 STATUS Trash (MESSAGES UIDNEXT UIDVALIDITY UNSEEN) 
[2024-10-03 14:09:32] IMAP< * STATUS "Trash" (MESSAGES 216 UIDNEXT 231 UIDVALIDITY 13 UNSEEN 0) 
[2024-10-03 14:09:32] IMAP< 52 OK Success 
[2024-10-03 14:09:32] IMAP> 53 STATUS Archive (MESSAGES UIDNEXT UIDVALIDITY UNSEEN) 
[2024-10-03 14:09:32] IMAP< * STATUS "Archive" (MESSAGES 0 UIDNEXT 2 UIDVALIDITY 17 UNSEEN 0) 
[2024-10-03 14:09:32] IMAP< 53 OK Success 
[2024-10-03 14:09:32] IMAP> 54 STATUS "[Gmail]/Bin" (MESSAGES UIDNEXT UIDVALIDITY UNSEEN) 
[2024-10-03 14:09:32] IMAP< * STATUS "[Gmail]/Bin" (MESSAGES 0 UIDNEXT 43 UIDVALIDITY 2 UNSEEN 0) 
[2024-10-03 14:09:32] IMAP< 54 OK Success 
[2024-10-03 14:09:32] IMAP> 55 STATUS "[Gmail]/Important" (MESSAGES UIDNEXT UIDVALIDITY UNSEEN) 
[2024-10-03 14:09:32] IMAP< * STATUS "[Gmail]/Important" (MESSAGES 0 UIDNEXT 1 UIDVALIDITY 9 UNSEEN 0) 
[2024-10-03 14:09:32] IMAP< 55 OK Success 
[2024-10-03 14:09:32] IMAP> 56 STATUS "[Gmail]/Sent Mail" (MESSAGES UIDNEXT UIDVALIDITY UNSEEN) 
[2024-10-03 14:09:32] IMAP< * STATUS "[Gmail]/Sent Mail" (MESSAGES 760 UIDNEXT 769 UIDVALIDITY 5 UNSEEN 0) 
[2024-10-03 14:09:32] IMAP< 56 OK Success 
[2024-10-03 14:09:32] IMAP> 57 STATUS "[Gmail]/Spam" (MESSAGES UIDNEXT UIDVALIDITY UNSEEN) 
[2024-10-03 14:09:33] IMAP< * STATUS "[Gmail]/Spam" (MESSAGES 13 UIDNEXT 513 UIDVALIDITY 3 UNSEEN 0) 
[2024-10-03 14:09:33] IMAP< 57 OK Success 
[2024-10-03 14:09:39] IMAP> 58 NOOP 
[2024-10-03 14:09:39] IMAP< 58 OK Success 
[2024-10-03 14:10:00] IMAP> 64 NOOP 
[2024-10-03 14:10:00] IMAP< 64 OK Success 
[2024-10-03 14:10:39] IMAP> 59 NOOP 
[2024-10-03 14:10:39] IMAP< 59 OK Success 
[2024-10-03 14:11:00] IMAP> 65 NOOP 
[2024-10-03 14:11:00] IMAP< 65 OK Success 
[2024-10-03 14:11:39] IMAP> 60 NOOP 
[2024-10-03 14:11:39] IMAP< 60 OK Success 
[2024-10-03 14:12:00] IMAP> 66 NOOP 
[2024-10-03 14:12:00] IMAP< 66 OK Success 
[2024-10-03 14:12:40] IMAP> 61 NOOP 
[2024-10-03 14:12:40] IMAP< 61 OK Success 
[2024-10-03 14:13:00] IMAP> 67 NOOP 
[2024-10-03 14:13:00] IMAP< 67 OK Success 
[2024-10-03 14:13:40] IMAP> 62 NOOP 
[2024-10-03 14:13:40] IMAP< 62 OK Success 
[2024-10-03 14:14:00] IMAP> 68 NOOP 
[2024-10-03 14:14:00] IMAP< 68 OK Success 
[2024-10-03 14:14:40] IMAP> 63 NOOP 
[2024-10-03 14:14:40] IMAP< 63 OK Success 
[2024-10-03 14:14:43] IMAP- [fetching UIDs...]
[2024-10-03 14:14:43] IMAP> 69 UID FETCH 1:* (UID) 
[2024-10-03 14:14:43] IMAP< [FETCH data - 8192 bytes]
[2024-10-03 14:14:43] IMAP< [FETCH data - 8192 bytes]
[2024-10-03 14:14:43] IMAP< [FETCH data - 398 bytes]
[2024-10-03 14:14:43] IMAP- [fetching flags...]
[2024-10-03 14:14:43] IMAP> 70 UID FETCH 1:* (FLAGS UID) 
[2024-10-03 14:14:44] IMAP< [FETCH data - 8192 bytes]
[2024-10-03 14:14:44] IMAP< [FETCH data - 8192 bytes]
[2024-10-03 14:14:44] IMAP< [FETCH data - 8192 bytes]
[2024-10-03 14:14:44] IMAP< [FETCH data - 8192 bytes]
[2024-10-03 14:14:44] IMAP< [FETCH data - 8192 bytes]
[2024-10-03 14:14:44] IMAP< [FETCH data - 8192 bytes]
[2024-10-03 14:14:44] IMAP< [FETCH data - 2547 bytes]
[2024-10-03 14:14:44] IMAP> 71 STATUS Sent (MESSAGES UIDNEXT UIDVALIDITY UNSEEN) 
[2024-10-03 14:14:44] IMAP< * STATUS "Sent" (MESSAGES 67 UNSEEN 0 UIDNEXT 2280 UIDVALIDITY 1) 
[2024-10-03 14:14:44] IMAP< 71 OK Success 
[2024-10-03 14:14:44] IMAP> 72 STATUS Drafts (MESSAGES UIDNEXT UIDVALIDITY UNSEEN) 
[2024-10-03 14:14:45] IMAP< * STATUS "Drafts" (MESSAGES 0 UNSEEN 0 UIDNEXT 7457 UIDVALIDITY 1) 
[2024-10-03 14:14:45] IMAP< 72 OK Success 
[2024-10-03 14:14:45] IMAP> 73 STATUS Queue (MESSAGES UIDNEXT UIDVALIDITY UNSEEN) 
[2024-10-03 14:14:45] IMAP< * STATUS "Queue" (MESSAGES 0 UNSEEN 0 UIDNEXT 1 UIDVALIDITY 1) 
[2024-10-03 14:14:45] IMAP< 73 OK Success 
[2024-10-03 14:14:45] IMAP> 74 STATUS Trash (MESSAGES UIDNEXT UIDVALIDITY UNSEEN) 
[2024-10-03 14:14:45] IMAP< * STATUS "Trash" (MESSAGES 9 UNSEEN 0 UIDNEXT 828 UIDVALIDITY 1) 
[2024-10-03 14:14:45] IMAP< 74 OK Success 
[2024-10-03 14:14:45] IMAP> 75 STATUS Archive (MESSAGES UIDNEXT UIDVALIDITY UNSEEN) 
[2024-10-03 14:14:45] IMAP< * STATUS "Archive" (MESSAGES 5 UNSEEN 0 UIDNEXT 6 UIDVALIDITY 1) 
[2024-10-03 14:14:45] IMAP< 75 OK Success 
[2024-10-03 14:14:45] IMAP> 76 STATUS Bozze (MESSAGES UIDNEXT UIDVALIDITY UNSEEN) 
[2024-10-03 14:14:46] IMAP< * STATUS "Bozze" (MESSAGES 0 UNSEEN 0 UIDNEXT 2 UIDVALIDITY 1) 
[2024-10-03 14:14:46] IMAP< 76 OK Success 
[2024-10-03 14:14:46] IMAP> 77 STATUS Imported (MESSAGES UIDNEXT UIDVALIDITY UNSEEN) 
[2024-10-03 14:14:46] IMAP< * STATUS "Imported" (MESSAGES 0 UNSEEN 0 UIDNEXT 10628 UIDVALIDITY 1) 
[2024-10-03 14:14:46] IMAP< 77 OK Success 
[2024-10-03 14:14:46] IMAP> 78 STATUS Snoozed (MESSAGES UIDNEXT UIDVALIDITY UNSEEN) 
[2024-10-03 14:14:46] IMAP< * STATUS "Snoozed" (MESSAGES 0 UNSEEN 0 UIDNEXT 166 UIDVALIDITY 1) 
[2024-10-03 14:14:46] IMAP< 78 OK Success 
[2024-10-03 14:14:46] IMAP> 79 STATUS Spam (MESSAGES UIDNEXT UIDVALIDITY UNSEEN) 
[2024-10-03 14:14:46] IMAP< * STATUS "Spam" (MESSAGES 1362 UNSEEN 0 UIDNEXT 9762 UIDVALIDITY 1) 
[2024-10-03 14:14:46] IMAP< 79 OK Success 
[2024-10-03 14:14:46] IMAP> 80 STATUS Templates (MESSAGES UIDNEXT UIDVALIDITY UNSEEN) 
[2024-10-03 14:14:46] IMAP< * STATUS "Templates" (MESSAGES 0 UNSEEN 0 UIDNEXT 1 UIDVALIDITY 1) 
[2024-10-03 14:14:46] IMAP< 80 OK Success 
[2024-10-03 14:14:46] IMAP- [fetching UIDs...]
[2024-10-03 14:14:46] IMAP> 64 UID FETCH 1:* (UID) 
[2024-10-03 14:14:47] IMAP< * 1 FETCH (UID 522
[2024-10-03 14:14:47] IMAP< [data - 100 bytes]
[2024-10-03 14:14:47] IMAP< [FETCH data - 130 bytes]
[2024-10-03 14:14:47] IMAP< [FETCH data - 772 bytes]
[2024-10-03 14:14:47] IMAP< [FETCH data - 1026 bytes]
[2024-10-03 14:14:47] IMAP< [FETCH data - 246 bytes]
[2024-10-03 14:14:47] IMAP< [FETCH data - 1378 bytes]
[2024-10-03 14:14:47] IMAP< [FETCH data - 672 bytes]
[2024-10-03 14:14:47] IMAP< [FETCH data - 350 bytes]
[2024-10-03 14:14:47] IMAP< [FETCH data - 1378 bytes]
[2024-10-03 14:14:47] IMAP< [FETCH data - 1022 bytes]
[2024-10-03 14:14:47] IMAP< [FETCH data - 1378 bytes]
[2024-10-03 14:14:47] IMAP< [FETCH data - 1022 bytes]
[2024-10-03 14:14:47] IMAP< [FETCH data - 1378 bytes]
[2024-10-03 14:14:47] IMAP< [FETCH data - 1022 bytes]
[2024-10-03 14:14:47] IMAP< [FETCH data - 1378 bytes]
[2024-10-03 14:14:47] IMAP< [FETCH data - 1022 bytes]
[2024-10-03 14:14:47] IMAP< [FETCH data - 1378 bytes]
[2024-10-03 14:14:47] IMAP< [FETCH data - 1022 bytes]
[2024-10-03 14:14:47] IMAP< [FETCH data - 1378 bytes]
[2024-10-03 14:14:47] IMAP< [FETCH data - 1022 bytes]
[2024-10-03 14:14:47] IMAP< [FETCH data - 1378 bytes]
[2024-10-03 14:14:47] IMAP< [FETCH data - 1022 bytes]
[2024-10-03 14:14:47] IMAP< [FETCH data - 1378 bytes]
[2024-10-03 14:14:47] IMAP< [FETCH data - 1023 bytes]
[2024-10-03 14:14:47] IMAP< 64 OK Success 
[2024-10-03 14:14:47] IMAP- [fetching flags...]
[2024-10-03 14:14:47] IMAP> 65 UID FETCH 1:* (FLAGS UID) 
[2024-10-03 14:14:47] IMAP< [FETCH data - 1378 bytes]
[2024-10-03 14:14:47] IMAP< [FETCH data - 672 bytes]
[2024-10-03 14:14:47] IMAP< [FETCH data - 1378 bytes]
[2024-10-03 14:14:47] IMAP< [FETCH data - 1378 bytes]
[2024-10-03 14:14:47] IMAP< [FETCH data - 1342 bytes]
[2024-10-03 14:14:47] IMAP< [FETCH data - 714 bytes]
[2024-10-03 14:14:47] IMAP< [FETCH data - 1378 bytes]
[2024-10-03 14:14:47] IMAP< [FETCH data - 1378 bytes]
[2024-10-03 14:14:47] IMAP< [FETCH data - 1378 bytes]
[2024-10-03 14:14:47] IMAP< [FETCH data - 1378 bytes]
[2024-10-03 14:14:47] IMAP< [FETCH data - 1378 bytes]
[2024-10-03 14:14:47] IMAP< [FETCH data - 317 bytes]
[2024-10-03 14:14:47] IMAP< [FETCH data - 1378 bytes]
[2024-10-03 14:14:47] IMAP< [FETCH data - 1378 bytes]
[2024-10-03 14:14:47] IMAP< [FETCH data - 1378 bytes]
[2024-10-03 14:14:47] IMAP< [FETCH data - 1378 bytes]
[2024-10-03 14:14:47] IMAP< [FETCH data - 1378 bytes]
[2024-10-03 14:14:47] IMAP< [FETCH data - 342 bytes]
[2024-10-03 14:14:47] IMAP< [FETCH data - 1378 bytes]
[2024-10-03 14:14:47] IMAP< [FETCH data - 1378 bytes]
[2024-10-03 14:14:47] IMAP< [FETCH data - 1378 bytes]
[2024-10-03 14:14:47] IMAP< [FETCH data - 1378 bytes]
[2024-10-03 14:14:47] IMAP< [FETCH data - 1378 bytes]
[2024-10-03 14:14:47] IMAP< [FETCH data - 345 bytes]
[2024-10-03 14:14:47] IMAP< [FETCH data - 1378 bytes]
[2024-10-03 14:14:47] IMAP< [FETCH data - 1378 bytes]
[2024-10-03 14:14:47] IMAP< [FETCH data - 1378 bytes]
[2024-10-03 14:14:47] IMAP< [FETCH data - 1378 bytes]
[2024-10-03 14:14:47] IMAP< [FETCH data - 1378 bytes]
[2024-10-03 14:14:47] IMAP< [FETCH data - 532 bytes]
[2024-10-03 14:14:47] IMAP< [FETCH data - 1378 bytes]
[2024-10-03 14:14:47] IMAP< [FETCH data - 1378 bytes]
[2024-10-03 14:14:47] IMAP< [FETCH data - 1378 bytes]
[2024-10-03 14:14:47] IMAP< [FETCH data - 1378 bytes]
[2024-10-03 14:14:47] IMAP< [FETCH data - 1378 bytes]
[2024-10-03 14:14:47] IMAP< [FETCH data - 1005 bytes]
[2024-10-03 14:14:47] IMAP< [FETCH data - 1378 bytes]
[2024-10-03 14:14:47] IMAP< [FETCH data - 1378 bytes]
[2024-10-03 14:14:47] IMAP< [FETCH data - 1378 bytes]
[2024-10-03 14:14:47] IMAP< [FETCH data - 1378 bytes]
[2024-10-03 14:14:47] IMAP< [FETCH data - 1378 bytes]
[2024-10-03 14:14:47] IMAP< [FETCH data - 1211 bytes]
[2024-10-03 14:14:47] IMAP< [FETCH data - 1378 bytes]
[2024-10-03 14:14:47] IMAP< [FETCH data - 1378 bytes]
[2024-10-03 14:14:47] IMAP< [FETCH data - 1378 bytes]
[2024-10-03 14:14:47] IMAP< [FETCH data - 1378 bytes]
[2024-10-03 14:14:47] IMAP< [FETCH data - 1378 bytes]
[2024-10-03 14:14:47] IMAP< [FETCH data - 1067 bytes]
[2024-10-03 14:14:47] IMAP< [FETCH data - 1378 bytes]
[2024-10-03 14:14:47] IMAP< [FETCH data - 1378 bytes]
[2024-10-03 14:14:47] IMAP< [FETCH data - 1378 bytes]
[2024-10-03 14:14:47] IMAP< [FETCH data - 1378 bytes]
[2024-10-03 14:14:47] IMAP< [FETCH data - 1378 bytes]
[2024-10-03 14:14:47] IMAP< [FETCH data - 1302 bytes]
[2024-10-03 14:14:47] IMAP< [data - 50 bytes]
[2024-10-03 14:14:47] IMAP< [FETCH data - 1378 bytes]
[2024-10-03 14:14:47] IMAP< [FETCH data - 1378 bytes]
[2024-10-03 14:14:47] IMAP< [FETCH data - 1378 bytes]
[2024-10-03 14:14:47] IMAP< [FETCH data - 1378 bytes]
[2024-10-03 14:14:47] IMAP< [FETCH data - 850 bytes]
[2024-10-03 14:14:47] IMAP< 65 OK Success 
[2024-10-03 14:14:47] IMAP> 66 STATUS Sent (MESSAGES UIDNEXT UIDVALIDITY UNSEEN) 
[2024-10-03 14:14:47] IMAP< * STATUS "Sent" (MESSAGES 85 UIDNEXT 88 UIDVALIDITY 15 UNSEEN 0) 
[2024-10-03 14:14:47] IMAP< 66 OK Success 
[2024-10-03 14:14:47] IMAP> 67 STATUS Drafts (MESSAGES UIDNEXT UIDVALIDITY UNSEEN) 
[2024-10-03 14:14:48] IMAP< * STATUS "Drafts" (MESSAGES 0 UIDNEXT 47 UIDVALIDITY 16 UNSEEN 0) 
[2024-10-03 14:14:48] IMAP< 67 OK Success 
[2024-10-03 14:14:48] IMAP> 68 STATUS Queue (MESSAGES UIDNEXT UIDVALIDITY UNSEEN) 
[2024-10-03 14:14:48] IMAP< * STATUS "Queue" (MESSAGES 0 UIDNEXT 2 UIDVALIDITY 14 UNSEEN 0) 
[2024-10-03 14:14:48] IMAP< 68 OK Success 
[2024-10-03 14:14:48] IMAP> 69 STATUS Trash (MESSAGES UIDNEXT UIDVALIDITY UNSEEN) 
[2024-10-03 14:14:48] IMAP< * STATUS "Trash" (MESSAGES 216 UIDNEXT 231 UIDVALIDITY 13 UNSEEN 0) 
[2024-10-03 14:14:48] IMAP< 69 OK Success 
[2024-10-03 14:14:48] IMAP> 70 STATUS Archive (MESSAGES UIDNEXT UIDVALIDITY UNSEEN) 
[2024-10-03 14:14:48] IMAP< * STATUS "Archive" (MESSAGES 0 UIDNEXT 2 UIDVALIDITY 17 UNSEEN 0) 
[2024-10-03 14:14:48] IMAP< 70 OK Success 
[2024-10-03 14:14:48] IMAP> 71 STATUS "[Gmail]/Bin" (MESSAGES UIDNEXT UIDVALIDITY UNSEEN) 
[2024-10-03 14:14:48] IMAP< * STATUS "[Gmail]/Bin" (MESSAGES 0 UIDNEXT 43 UIDVALIDITY 2 UNSEEN 0) 
[2024-10-03 14:14:48] IMAP< 71 OK Success 
[2024-10-03 14:14:48] IMAP> 72 STATUS "[Gmail]/Important" (MESSAGES UIDNEXT UIDVALIDITY UNSEEN) 
[2024-10-03 14:14:49] IMAP< * STATUS "[Gmail]/Important" (MESSAGES 0 UIDNEXT 1 UIDVALIDITY 9 UNSEEN 0) 
[2024-10-03 14:14:49] IMAP< 72 OK Success 
[2024-10-03 14:14:49] IMAP> 73 STATUS "[Gmail]/Sent Mail" (MESSAGES UIDNEXT UIDVALIDITY UNSEEN) 
[2024-10-03 14:14:49] IMAP< * STATUS "[Gmail]/Sent Mail" (MESSAGES 760 UIDNEXT 769 UIDVALIDITY 5 UNSEEN 0) 
[2024-10-03 14:14:49] IMAP< 73 OK Success 
[2024-10-03 14:14:49] IMAP> 74 STATUS "[Gmail]/Spam" (MESSAGES UIDNEXT UIDVALIDITY UNSEEN) 
[2024-10-03 14:14:49] IMAP< * STATUS "[Gmail]/Spam" (MESSAGES 13 UIDNEXT 513 UIDVALIDITY 3 UNSEEN 0) 
[2024-10-03 14:14:49] IMAP< 74 OK Success 
[2024-10-03 14:15:00] IMAP> 81 NOOP 
[2024-10-03 14:15:00] IMAP< 81 OK Success 
[2024-10-03 14:15:40] IMAP> 75 NOOP 
[2024-10-03 14:15:40] IMAP< 75 OK Success 
[2024-10-03 14:16:01] IMAP> 82 NOOP 
[2024-10-03 14:16:01] IMAP< 82 OK Success 
[2024-10-03 14:16:40] IMAP> 76 NOOP 
[2024-10-03 14:16:40] IMAP< 76 OK Success 
[2024-10-03 14:17:01] IMAP> 83 NOOP 
[2024-10-03 14:17:01] IMAP< 83 OK Success 
[2024-10-03 14:17:40] IMAP> 77 NOOP 
[2024-10-03 14:17:40] IMAP< 77 OK Success 
[2024-10-03 14:18:01] IMAP> 84 NOOP 
[2024-10-03 14:18:01] IMAP< 84 OK Success 
[2024-10-03 14:18:40] IMAP> 78 NOOP 
[2024-10-03 14:18:40] IMAP< 78 OK Success 
[2024-10-03 14:19:01] IMAP> 85 NOOP 
[2024-10-03 14:19:01] IMAP< 85 OK Success 
[2024-10-03 14:19:40] IMAP> 79 NOOP 
[2024-10-03 14:19:40] IMAP< 79 OK Success 
[2024-10-03 14:19:53] IMAP- [fetching UIDs...]
[2024-10-03 14:19:53] IMAP> 86 UID FETCH 1:* (UID) 
[2024-10-03 14:19:53] IMAP< [FETCH data - 8192 bytes]
[2024-10-03 14:19:54] IMAP< [FETCH data - 8192 bytes]
[2024-10-03 14:19:54] IMAP< [FETCH data - 398 bytes]
[2024-10-03 14:19:54] IMAP- [fetching flags...]
[2024-10-03 14:19:54] IMAP> 87 UID FETCH 1:* (FLAGS UID) 
[2024-10-03 14:19:54] IMAP< [FETCH data - 8192 bytes]
[2024-10-03 14:19:54] IMAP< [FETCH data - 8192 bytes]
[2024-10-03 14:19:54] IMAP< [FETCH data - 8192 bytes]
[2024-10-03 14:19:54] IMAP< [FETCH data - 8192 bytes]
[2024-10-03 14:19:54] IMAP< [FETCH data - 8192 bytes]
[2024-10-03 14:19:54] IMAP< [FETCH data - 8192 bytes]
[2024-10-03 14:19:54] IMAP< [FETCH data - 2547 bytes]
[2024-10-03 14:19:54] IMAP> 88 STATUS Sent (MESSAGES UIDNEXT UIDVALIDITY UNSEEN) 
[2024-10-03 14:19:54] IMAP< * STATUS "Sent" (MESSAGES 67 UNSEEN 0 UIDNEXT 2280 UIDVALIDITY 1) 
[2024-10-03 14:19:54] IMAP< 88 OK Success 
[2024-10-03 14:19:54] IMAP> 89 STATUS Drafts (MESSAGES UIDNEXT UIDVALIDITY UNSEEN) 
[2024-10-03 14:19:55] IMAP< * STATUS "Drafts" (MESSAGES 0 UNSEEN 0 UIDNEXT 7457 UIDVALIDITY 1) 
[2024-10-03 14:19:55] IMAP< 89 OK Success 
[2024-10-03 14:19:55] IMAP> 90 STATUS Queue (MESSAGES UIDNEXT UIDVALIDITY UNSEEN) 
[2024-10-03 14:19:55] IMAP< * STATUS "Queue" (MESSAGES 0 UNSEEN 0 UIDNEXT 1 UIDVALIDITY 1) 
[2024-10-03 14:19:55] IMAP< 90 OK Success 
[2024-10-03 14:19:55] IMAP> 91 STATUS Trash (MESSAGES UIDNEXT UIDVALIDITY UNSEEN) 
[2024-10-03 14:19:55] IMAP< * STATUS "Trash" (MESSAGES 9 UNSEEN 0 UIDNEXT 828 UIDVALIDITY 1) 
[2024-10-03 14:19:55] IMAP< 91 OK Success 
[2024-10-03 14:19:55] IMAP> 92 STATUS Archive (MESSAGES UIDNEXT UIDVALIDITY UNSEEN) 
[2024-10-03 14:19:55] IMAP< * STATUS "Archive" (MESSAGES 5 UNSEEN 0 UIDNEXT 6 UIDVALIDITY 1) 
[2024-10-03 14:19:55] IMAP< 92 OK Success 
[2024-10-03 14:19:55] IMAP> 93 STATUS Bozze (MESSAGES UIDNEXT UIDVALIDITY UNSEEN) 
[2024-10-03 14:19:55] IMAP< * STATUS "Bozze" (MESSAGES 0 UNSEEN 0 UIDNEXT 2 UIDVALIDITY 1) 
[2024-10-03 14:19:55] IMAP< 93 OK Success 
[2024-10-03 14:19:55] IMAP> 94 STATUS Imported (MESSAGES UIDNEXT UIDVALIDITY UNSEEN) 
[2024-10-03 14:19:56] IMAP< * STATUS "Imported" (MESSAGES 0 UNSEEN 0 UIDNEXT 10628 UIDVALIDITY 1) 
[2024-10-03 14:19:56] IMAP< 94 OK Success 
[2024-10-03 14:19:56] IMAP> 95 STATUS Snoozed (MESSAGES UIDNEXT UIDVALIDITY UNSEEN) 
[2024-10-03 14:19:56] IMAP< * STATUS "Snoozed" (MESSAGES 0 UNSEEN 0 UIDNEXT 166 UIDVALIDITY 1) 
[2024-10-03 14:19:56] IMAP< 95 OK Success 
[2024-10-03 14:19:56] IMAP> 96 STATUS Spam (MESSAGES UIDNEXT UIDVALIDITY UNSEEN) 
[2024-10-03 14:19:56] IMAP< * STATUS "Spam" (MESSAGES 1362 UNSEEN 0 UIDNEXT 9762 UIDVALIDITY 1) 
[2024-10-03 14:19:56] IMAP< 96 OK Success 
[2024-10-03 14:19:56] IMAP> 97 STATUS Templates (MESSAGES UIDNEXT UIDVALIDITY UNSEEN) 
[2024-10-03 14:19:57] IMAP< * STATUS "Templates" (MESSAGES 0 UNSEEN 0 UIDNEXT 1 UIDVALIDITY 1) 
[2024-10-03 14:19:57] IMAP< 97 OK Success 
[2024-10-03 14:19:57] IMAP- [fetching UIDs...]
[2024-10-03 14:19:57] IMAP> 80 UID FETCH 1:* (UID) 
[2024-10-03 14:19:57] IMAP< * 1 FETCH (UID 522
[2024-10-03 14:19:57] IMAP< [data - 34 bytes]
[2024-10-03 14:19:57] IMAP< [data - 66 bytes]
[2024-10-03 14:19:57] IMAP< [FETCH data - 130 bytes]
[2024-10-03 14:19:57] IMAP< [FETCH data - 772 bytes]
[2024-10-03 14:19:57] IMAP< [FETCH data - 1026 bytes]
[2024-10-03 14:19:57] IMAP< [FETCH data - 1378 bytes]
[2024-10-03 14:19:57] IMAP< [FETCH data - 918 bytes]
[2024-10-03 14:19:57] IMAP< [FETCH data - 350 bytes]
[2024-10-03 14:19:57] IMAP< [FETCH data - 1378 bytes]
[2024-10-03 14:19:57] IMAP< [FETCH data - 1022 bytes]
[2024-10-03 14:19:57] IMAP< [FETCH data - 1378 bytes]
[2024-10-03 14:19:57] IMAP< [FETCH data - 1022 bytes]
[2024-10-03 14:19:57] IMAP< [FETCH data - 1378 bytes]
[2024-10-03 14:19:57] IMAP< [FETCH data - 1022 bytes]
[2024-10-03 14:19:57] IMAP< [FETCH data - 1378 bytes]
[2024-10-03 14:19:57] IMAP< [FETCH data - 1022 bytes]
[2024-10-03 14:19:57] IMAP< [FETCH data - 1378 bytes]
[2024-10-03 14:19:57] IMAP< [FETCH data - 1022 bytes]
[2024-10-03 14:19:57] IMAP< [FETCH data - 1378 bytes]
[2024-10-03 14:19:57] IMAP< [FETCH data - 1022 bytes]
[2024-10-03 14:19:57] IMAP< [FETCH data - 1378 bytes]
[2024-10-03 14:19:57] IMAP< [FETCH data - 1378 bytes]
[2024-10-03 14:19:57] IMAP< [FETCH data - 1378 bytes]
[2024-10-03 14:19:57] IMAP< [FETCH data - 667 bytes]
[2024-10-03 14:19:57] IMAP< 80 OK Success 
[2024-10-03 14:19:57] IMAP- [fetching flags...]
[2024-10-03 14:19:57] IMAP> 81 UID FETCH 1:* (FLAGS UID) 
[2024-10-03 14:19:57] IMAP< [FETCH data - 1378 bytes]
[2024-10-03 14:19:57] IMAP< [FETCH data - 672 bytes]
[2024-10-03 14:19:57] IMAP< [FETCH data - 1378 bytes]
[2024-10-03 14:19:57] IMAP< [FETCH data - 1378 bytes]
[2024-10-03 14:19:57] IMAP< [FETCH data - 1342 bytes]
[2024-10-03 14:19:57] IMAP< [FETCH data - 714 bytes]
[2024-10-03 14:19:57] IMAP< [FETCH data - 1378 bytes]
[2024-10-03 14:19:57] IMAP< [FETCH data - 1378 bytes]
[2024-10-03 14:19:57] IMAP< [FETCH data - 1378 bytes]
[2024-10-03 14:19:57] IMAP< [FETCH data - 1378 bytes]
[2024-10-03 14:19:57] IMAP< [FETCH data - 1378 bytes]
[2024-10-03 14:19:57] IMAP< [FETCH data - 317 bytes]
[2024-10-03 14:19:57] IMAP< [FETCH data - 1378 bytes]
[2024-10-03 14:19:57] IMAP< [FETCH data - 1378 bytes]
[2024-10-03 14:19:57] IMAP< [FETCH data - 1378 bytes]
[2024-10-03 14:19:57] IMAP< [FETCH data - 1378 bytes]
[2024-10-03 14:19:57] IMAP< [FETCH data - 1378 bytes]
[2024-10-03 14:19:57] IMAP< [FETCH data - 342 bytes]
[2024-10-03 14:19:57] IMAP< [FETCH data - 1378 bytes]
[2024-10-03 14:19:57] IMAP< [FETCH data - 1378 bytes]
[2024-10-03 14:19:57] IMAP< [FETCH data - 1378 bytes]
[2024-10-03 14:19:57] IMAP< [FETCH data - 1378 bytes]
[2024-10-03 14:19:57] IMAP< [FETCH data - 1378 bytes]
[2024-10-03 14:19:57] IMAP< [FETCH data - 345 bytes]
[2024-10-03 14:19:57] IMAP< [FETCH data - 1378 bytes]
[2024-10-03 14:19:57] IMAP< [FETCH data - 1378 bytes]
[2024-10-03 14:19:57] IMAP< [FETCH data - 1378 bytes]
[2024-10-03 14:19:57] IMAP< [FETCH data - 1378 bytes]
[2024-10-03 14:19:57] IMAP< [FETCH data - 1378 bytes]
[2024-10-03 14:19:57] IMAP< [FETCH data - 532 bytes]
[2024-10-03 14:19:57] IMAP< [FETCH data - 1378 bytes]
[2024-10-03 14:19:57] IMAP< [FETCH data - 1378 bytes]
[2024-10-03 14:19:57] IMAP< [FETCH data - 1378 bytes]
[2024-10-03 14:19:58] IMAP< [FETCH data - 1378 bytes]
[2024-10-03 14:19:58] IMAP< [FETCH data - 1378 bytes]
[2024-10-03 14:19:58] IMAP< [FETCH data - 1005 bytes]
[2024-10-03 14:19:58] IMAP< [FETCH data - 1378 bytes]
[2024-10-03 14:19:58] IMAP< [FETCH data - 1378 bytes]
[2024-10-03 14:19:58] IMAP< [FETCH data - 1378 bytes]
[2024-10-03 14:19:58] IMAP< [FETCH data - 1378 bytes]
[2024-10-03 14:19:58] IMAP< [FETCH data - 1378 bytes]
[2024-10-03 14:19:58] IMAP< [FETCH data - 1211 bytes]
[2024-10-03 14:19:58] IMAP< [FETCH data - 1378 bytes]
[2024-10-03 14:19:58] IMAP< [FETCH data - 1378 bytes]
[2024-10-03 14:19:58] IMAP< [FETCH data - 1378 bytes]
[2024-10-03 14:19:58] IMAP< [FETCH data - 1378 bytes]
[2024-10-03 14:19:58] IMAP< [FETCH data - 1378 bytes]
[2024-10-03 14:19:58] IMAP< [FETCH data - 1067 bytes]
[2024-10-03 14:19:58] IMAP< [FETCH data - 1378 bytes]
[2024-10-03 14:19:58] IMAP< [FETCH data - 1378 bytes]
[2024-10-03 14:19:58] IMAP< [FETCH data - 1378 bytes]
[2024-10-03 14:19:58] IMAP< [FETCH data - 1378 bytes]
[2024-10-03 14:19:58] IMAP< [FETCH data - 1378 bytes]
[2024-10-03 14:19:58] IMAP< [FETCH data - 1302 bytes]
[2024-10-03 14:19:58] IMAP< [data - 50 bytes]
[2024-10-03 14:19:58] IMAP< [FETCH data - 1378 bytes]
[2024-10-03 14:19:58] IMAP< [FETCH data - 1378 bytes]
[2024-10-03 14:19:58] IMAP< [FETCH data - 1378 bytes]
[2024-10-03 14:19:58] IMAP< [FETCH data - 1378 bytes]
[2024-10-03 14:19:58] IMAP< [FETCH data - 850 bytes]
[2024-10-03 14:19:58] IMAP< 81 OK Success 
[2024-10-03 14:19:58] IMAP> 82 STATUS Sent (MESSAGES UIDNEXT UIDVALIDITY UNSEEN) 
[2024-10-03 14:19:59] IMAP< * STATUS "Sent" (MESSAGES 85 UIDNEXT 88 UIDVALIDITY 15 UNSEEN 0) 
[2024-10-03 14:19:59] IMAP< 82 OK Success 
[2024-10-03 14:19:59] IMAP> 83 STATUS Drafts (MESSAGES UIDNEXT UIDVALIDITY UNSEEN) 
[2024-10-03 14:19:59] IMAP< * STATUS "Drafts" (MESSAGES 0 UIDNEXT 47 UIDVALIDITY 16 UNSEEN 0) 
[2024-10-03 14:19:59] IMAP< 83 OK Success 
[2024-10-03 14:19:59] IMAP> 84 STATUS Queue (MESSAGES UIDNEXT UIDVALIDITY UNSEEN) 
[2024-10-03 14:19:59] IMAP< * STATUS "Queue" (MESSAGES 0 UIDNEXT 2 UIDVALIDITY 14 UNSEEN 0) 
[2024-10-03 14:19:59] IMAP< 84 OK Success 
[2024-10-03 14:19:59] IMAP> 85 STATUS Trash (MESSAGES UIDNEXT UIDVALIDITY UNSEEN) 
[2024-10-03 14:19:59] IMAP< * STATUS "Trash" (MESSAGES 216 UIDNEXT 231 UIDVALIDITY 13 UNSEEN 0) 
[2024-10-03 14:19:59] IMAP< 85 OK Success 
[2024-10-03 14:19:59] IMAP> 86 STATUS Archive (MESSAGES UIDNEXT UIDVALIDITY UNSEEN) 
[2024-10-03 14:19:59] IMAP< * STATUS "Archive" (MESSAGES 0 UIDNEXT 2 UIDVALIDITY 17 UNSEEN 0) 
[2024-10-03 14:19:59] IMAP< 86 OK Success 
[2024-10-03 14:19:59] IMAP> 87 STATUS "[Gmail]/Bin" (MESSAGES UIDNEXT UIDVALIDITY UNSEEN) 
[2024-10-03 14:20:00] IMAP< * STATUS "[Gmail]/Bin" (MESSAGES 0 UIDNEXT 43 UIDVALIDITY 2 UNSEEN 0) 
[2024-10-03 14:20:00] IMAP< 87 OK Success 
[2024-10-03 14:20:00] IMAP> 88 STATUS "[Gmail]/Important" (MESSAGES UIDNEXT UIDVALIDITY UNSEEN) 
[2024-10-03 14:20:00] IMAP< * STATUS "[Gmail]/Important" (MESSAGES 0 UIDNEXT 1 UIDVALIDITY 9 UNSEEN 0) 
[2024-10-03 14:20:00] IMAP< 88 OK Success 
[2024-10-03 14:20:00] IMAP> 89 STATUS "[Gmail]/Sent Mail" (MESSAGES UIDNEXT UIDVALIDITY UNSEEN) 
[2024-10-03 14:20:00] IMAP< * STATUS "[Gmail]/Sent Mail" (MESSAGES 760 UIDNEXT 769 UIDVALIDITY 5 UNSEEN 0) 
[2024-10-03 14:20:00] IMAP< 89 OK Success 
[2024-10-03 14:20:00] IMAP> 90 STATUS "[Gmail]/Spam" (MESSAGES UIDNEXT UIDVALIDITY UNSEEN) 
[2024-10-03 14:20:00] IMAP< * STATUS "[Gmail]/Spam" (MESSAGES 13 UIDNEXT 513 UIDVALIDITY 3 UNSEEN 0) 
[2024-10-03 14:20:00] IMAP< 90 OK Success 
[2024-10-03 14:20:01] IMAP> 98 NOOP 
[2024-10-03 14:20:01] IMAP< 98 OK Success 
[2024-10-03 14:20:01] IMAP- [fetching UIDs...]
[2024-10-03 14:20:01] IMAP> 99 UID FETCH 1:* (UID) 
[2024-10-03 14:20:01] IMAP< [FETCH data - 8192 bytes]
[2024-10-03 14:20:02] IMAP< [FETCH data - 8192 bytes]
[2024-10-03 14:20:02] IMAP< [FETCH data - 398 bytes]
[2024-10-03 14:20:02] IMAP> 100 NOOP 
[2024-10-03 14:20:02] IMAP< 100 OK Success 
[2024-10-03 14:20:02] IMAP- [fetching flags...]
[2024-10-03 14:20:02] IMAP> 101 UID FETCH 1:* (FLAGS UID) 
[2024-10-03 14:20:02] IMAP< [FETCH data - 8192 bytes]
[2024-10-03 14:20:02] IMAP< [FETCH data - 8192 bytes]
[2024-10-03 14:20:02] IMAP< [FETCH data - 8192 bytes]
[2024-10-03 14:20:02] IMAP< [FETCH data - 8192 bytes]
[2024-10-03 14:20:02] IMAP< [FETCH data - 8192 bytes]
[2024-10-03 14:20:03] IMAP< [FETCH data - 8192 bytes]
[2024-10-03 14:20:03] IMAP< [FETCH data - 2548 bytes]
[2024-10-03 14:20:03] IMAP> 102 STATUS Sent (MESSAGES UIDNEXT UIDVALIDITY UNSEEN) 
[2024-10-03 14:20:03] IMAP< * STATUS "Sent" (MESSAGES 67 UNSEEN 0 UIDNEXT 2280 UIDVALIDITY 1) 
[2024-10-03 14:20:03] IMAP< 102 OK Success 
[2024-10-03 14:20:03] IMAP> 103 STATUS Drafts (MESSAGES UIDNEXT UIDVALIDITY UNSEEN) 
[2024-10-03 14:20:03] IMAP< * STATUS "Drafts" (MESSAGES 0 UNSEEN 0 UIDNEXT 7457 UIDVALIDITY 1) 
[2024-10-03 14:20:03] IMAP< 103 OK Success 
[2024-10-03 14:20:03] IMAP> 104 STATUS Queue (MESSAGES UIDNEXT UIDVALIDITY UNSEEN) 
[2024-10-03 14:20:03] IMAP< * STATUS "Queue" (MESSAGES 0 UNSEEN 0 UIDNEXT 1 UIDVALIDITY 1) 
[2024-10-03 14:20:03] IMAP< 104 OK Success 
[2024-10-03 14:20:03] IMAP> 105 STATUS Trash (MESSAGES UIDNEXT UIDVALIDITY UNSEEN) 
[2024-10-03 14:20:03] IMAP< * STATUS "Trash" (MESSAGES 9 UNSEEN 0 UIDNEXT 828 UIDVALIDITY 1) 
[2024-10-03 14:20:03] IMAP< 105 OK Success 
[2024-10-03 14:20:03] IMAP> 106 STATUS Archive (MESSAGES UIDNEXT UIDVALIDITY UNSEEN) 
[2024-10-03 14:20:04] IMAP< * STATUS "Archive" (MESSAGES 5 UNSEEN 0 UIDNEXT 6 UIDVALIDITY 1) 
[2024-10-03 14:20:04] IMAP< 106 OK Success 
[2024-10-03 14:20:04] IMAP> 107 STATUS Bozze (MESSAGES UIDNEXT UIDVALIDITY UNSEEN) 
[2024-10-03 14:20:04] IMAP< * STATUS "Bozze" (MESSAGES 0 UNSEEN 0 UIDNEXT 2 UIDVALIDITY 1) 
[2024-10-03 14:20:04] IMAP< 107 OK Success 
[2024-10-03 14:20:04] IMAP> 108 STATUS Imported (MESSAGES UIDNEXT UIDVALIDITY UNSEEN) 
[2024-10-03 14:20:04] IMAP< * STATUS "Imported" (MESSAGES 0 UNSEEN 0 UIDNEXT 10628 UIDVALIDITY 1) 
[2024-10-03 14:20:04] IMAP< 108 OK Success 
[2024-10-03 14:20:04] IMAP> 109 STATUS Snoozed (MESSAGES UIDNEXT UIDVALIDITY UNSEEN) 
[2024-10-03 14:20:05] IMAP< * STATUS "Snoozed" (MESSAGES 0 UNSEEN 0 UIDNEXT 166 UIDVALIDITY 1) 
[2024-10-03 14:20:05] IMAP< 109 OK Success 
[2024-10-03 14:20:05] IMAP> 110 STATUS Spam (MESSAGES UIDNEXT UIDVALIDITY UNSEEN) 
[2024-10-03 14:20:05] IMAP< * STATUS "Spam" (MESSAGES 1362 UNSEEN 0 UIDNEXT 9762 UIDVALIDITY 1) 
[2024-10-03 14:20:05] IMAP< 110 OK Success 
[2024-10-03 14:20:05] IMAP> 111 STATUS Templates (MESSAGES UIDNEXT UIDVALIDITY UNSEEN) 
[2024-10-03 14:20:05] IMAP< * STATUS "Templates" (MESSAGES 0 UNSEEN 0 UIDNEXT 1 UIDVALIDITY 1) 
[2024-10-03 14:20:05] IMAP< 111 OK Success 
[2024-10-03 14:20:05] IMAP- [fetching UIDs...]
[2024-10-03 14:20:05] IMAP> 91 UID FETCH 1:* (UID) 
[2024-10-03 14:20:05] IMAP< [FETCH data - 130 bytes]
[2024-10-03 14:20:05] IMAP< [FETCH data - 258 bytes]
[2024-10-03 14:20:05] IMAP< [FETCH data - 514 bytes]
[2024-10-03 14:20:05] IMAP< [FETCH data - 1026 bytes]
[2024-10-03 14:20:05] IMAP< [FETCH data - 364 bytes]
[2024-10-03 14:20:05] IMAP< [FETCH data - 1378 bytes]
[2024-10-03 14:20:05] IMAP< [FETCH data - 672 bytes]
[2024-10-03 14:20:05] IMAP< [FETCH data - 350 bytes]
[2024-10-03 14:20:05] IMAP< [FETCH data - 1378 bytes]
[2024-10-03 14:20:05] IMAP< [FETCH data - 1022 bytes]
[2024-10-03 14:20:05] IMAP< [FETCH data - 1378 bytes]
[2024-10-03 14:20:05] IMAP< [FETCH data - 1022 bytes]
[2024-10-03 14:20:05] IMAP< [FETCH data - 1378 bytes]
[2024-10-03 14:20:05] IMAP< [FETCH data - 1022 bytes]
[2024-10-03 14:20:05] IMAP< [FETCH data - 1378 bytes]
[2024-10-03 14:20:05] IMAP< [FETCH data - 1022 bytes]
[2024-10-03 14:20:05] IMAP< [FETCH data - 1378 bytes]
[2024-10-03 14:20:05] IMAP< [FETCH data - 1378 bytes]
[2024-10-03 14:20:05] IMAP< [FETCH data - 1378 bytes]
[2024-10-03 14:20:05] IMAP< [FETCH data - 666 bytes]
[2024-10-03 14:20:05] IMAP< [FETCH data - 1378 bytes]
[2024-10-03 14:20:05] IMAP< [FETCH data - 1022 bytes]
[2024-10-03 14:20:05] IMAP< [FETCH data - 1378 bytes]
[2024-10-03 14:20:05] IMAP< [FETCH data - 1038 bytes]
[2024-10-03 14:20:05] IMAP- [fetching flags...]
[2024-10-03 14:20:05] IMAP> 92 UID FETCH 1:* (FLAGS UID) 
[2024-10-03 14:20:06] IMAP< [FETCH data - 1378 bytes]
[2024-10-03 14:20:06] IMAP< [FETCH data - 672 bytes]
[2024-10-03 14:20:06] IMAP< [FETCH data - 1378 bytes]
[2024-10-03 14:20:06] IMAP< [FETCH data - 1378 bytes]
[2024-10-03 14:20:06] IMAP< [FETCH data - 1378 bytes]
[2024-10-03 14:20:06] IMAP< [FETCH data - 678 bytes]
[2024-10-03 14:20:06] IMAP< [FETCH data - 1378 bytes]
[2024-10-03 14:20:06] IMAP< [FETCH data - 1378 bytes]
[2024-10-03 14:20:06] IMAP< [FETCH data - 1378 bytes]
[2024-10-03 14:20:06] IMAP< [FETCH data - 1378 bytes]
[2024-10-03 14:20:06] IMAP< [FETCH data - 1378 bytes]
[2024-10-03 14:20:06] IMAP< [FETCH data - 317 bytes]
[2024-10-03 14:20:06] IMAP< [FETCH data - 1378 bytes]
[2024-10-03 14:20:06] IMAP< [FETCH data - 1378 bytes]
[2024-10-03 14:20:06] IMAP< [FETCH data - 1378 bytes]
[2024-10-03 14:20:06] IMAP< [FETCH data - 1378 bytes]
[2024-10-03 14:20:06] IMAP< [FETCH data - 1378 bytes]
[2024-10-03 14:20:06] IMAP< [FETCH data - 342 bytes]
[2024-10-03 14:20:06] IMAP< [FETCH data - 1378 bytes]
[2024-10-03 14:20:06] IMAP< [FETCH data - 1378 bytes]
[2024-10-03 14:20:06] IMAP< [FETCH data - 1378 bytes]
[2024-10-03 14:20:06] IMAP< [FETCH data - 1378 bytes]
[2024-10-03 14:20:06] IMAP< [FETCH data - 1378 bytes]
[2024-10-03 14:20:06] IMAP< [FETCH data - 345 bytes]
[2024-10-03 14:20:06] IMAP< [FETCH data - 1378 bytes]
[2024-10-03 14:20:06] IMAP< [FETCH data - 1378 bytes]
[2024-10-03 14:20:06] IMAP< [FETCH data - 1378 bytes]
[2024-10-03 14:20:06] IMAP< [FETCH data - 1378 bytes]
[2024-10-03 14:20:06] IMAP< [FETCH data - 1378 bytes]
[2024-10-03 14:20:06] IMAP< [FETCH data - 532 bytes]
[2024-10-03 14:20:06] IMAP< [FETCH data - 1378 bytes]
[2024-10-03 14:20:06] IMAP< [FETCH data - 1378 bytes]
[2024-10-03 14:20:06] IMAP< [FETCH data - 1378 bytes]
[2024-10-03 14:20:06] IMAP< [FETCH data - 1378 bytes]
[2024-10-03 14:20:06] IMAP< [FETCH data - 1378 bytes]
[2024-10-03 14:20:06] IMAP< [FETCH data - 1005 bytes]
[2024-10-03 14:20:06] IMAP< [FETCH data - 1378 bytes]
[2024-10-03 14:20:06] IMAP< [FETCH data - 1378 bytes]
[2024-10-03 14:20:06] IMAP< [FETCH data - 1378 bytes]
[2024-10-03 14:20:06] IMAP< [FETCH data - 1378 bytes]
[2024-10-03 14:20:06] IMAP< [FETCH data - 1378 bytes]
[2024-10-03 14:20:06] IMAP< [FETCH data - 1211 bytes]
[2024-10-03 14:20:06] IMAP< [FETCH data - 1378 bytes]
[2024-10-03 14:20:06] IMAP< [FETCH data - 1378 bytes]
[2024-10-03 14:20:06] IMAP< [FETCH data - 1378 bytes]
[2024-10-03 14:20:06] IMAP< [FETCH data - 1378 bytes]
[2024-10-03 14:20:06] IMAP< [FETCH data - 1378 bytes]
[2024-10-03 14:20:06] IMAP< [FETCH data - 1067 bytes]
[2024-10-03 14:20:06] IMAP< [FETCH data - 1378 bytes]
[2024-10-03 14:20:06] IMAP< [FETCH data - 1378 bytes]
[2024-10-03 14:20:06] IMAP< [FETCH data - 1378 bytes]
[2024-10-03 14:20:06] IMAP< [FETCH data - 1378 bytes]
[2024-10-03 14:20:06] IMAP< [FETCH data - 1378 bytes]
[2024-10-03 14:20:06] IMAP< [FETCH data - 1302 bytes]
[2024-10-03 14:20:06] IMAP< [data - 50 bytes]
[2024-10-03 14:20:06] IMAP< [FETCH data - 1378 bytes]
[2024-10-03 14:20:06] IMAP< [FETCH data - 1378 bytes]
[2024-10-03 14:20:06] IMAP< [FETCH data - 1378 bytes]
[2024-10-03 14:20:06] IMAP< [FETCH data - 1378 bytes]
[2024-10-03 14:20:06] IMAP< [FETCH data - 850 bytes]
[2024-10-03 14:20:06] IMAP< 92 OK Success 
[2024-10-03 14:20:06] IMAP> 93 STATUS Sent (MESSAGES UIDNEXT UIDVALIDITY UNSEEN) 
[2024-10-03 14:20:06] IMAP< * STATUS "Sent" (MESSAGES 85 UIDNEXT 88 UIDVALIDITY 15 UNSEEN 0) 
[2024-10-03 14:20:06] IMAP< 93 OK Success 
[2024-10-03 14:20:06] IMAP> 94 STATUS Drafts (MESSAGES UIDNEXT UIDVALIDITY UNSEEN) 
[2024-10-03 14:20:06] IMAP< * STATUS "Drafts" (MESSAGES 0 UIDNEXT 47 UIDVALIDITY 16 UNSEEN 0) 
[2024-10-03 14:20:06] IMAP< 94 OK Success 
[2024-10-03 14:20:06] IMAP> 95 STATUS Queue (MESSAGES UIDNEXT UIDVALIDITY UNSEEN) 
[2024-10-03 14:20:06] IMAP< * STATUS "Queue" (MESSAGES 0 UIDNEXT 2 UIDVALIDITY 14 UNSEEN 0) 
[2024-10-03 14:20:06] IMAP< 95 OK Success 
[2024-10-03 14:20:06] IMAP> 96 STATUS Trash (MESSAGES UIDNEXT UIDVALIDITY UNSEEN) 
[2024-10-03 14:20:07] IMAP< * STATUS "Trash" (MESSAGES 216 UIDNEXT 231 UIDVALIDITY 13 UNSEEN 0) 
[2024-10-03 14:20:07] IMAP< 96 OK Success 
[2024-10-03 14:20:07] IMAP> 97 STATUS Archive (MESSAGES UIDNEXT UIDVALIDITY UNSEEN) 
[2024-10-03 14:20:07] IMAP< * STATUS "Archive" (MESSAGES 0 UIDNEXT 2 UIDVALIDITY 17 UNSEEN 0) 
[2024-10-03 14:20:07] IMAP< 97 OK Success 
[2024-10-03 14:20:07] IMAP> 98 STATUS "[Gmail]/Bin" (MESSAGES UIDNEXT UIDVALIDITY UNSEEN) 
[2024-10-03 14:20:07] IMAP< * STATUS "[Gmail]/Bin" (MESSAGES 0 UIDNEXT 43 UIDVALIDITY 2 UNSEEN 0) 
[2024-10-03 14:20:07] IMAP< 98 OK Success 
[2024-10-03 14:20:07] IMAP> 99 STATUS "[Gmail]/Important" (MESSAGES UIDNEXT UIDVALIDITY UNSEEN) 
[2024-10-03 14:20:07] IMAP< * STATUS "[Gmail]/Important" (MESSAGES 0 UIDNEXT 1 UIDVALIDITY 9 UNSEEN 0) 
[2024-10-03 14:20:07] IMAP< 99 OK Success 
[2024-10-03 14:20:07] IMAP> 100 STATUS "[Gmail]/Sent Mail" (MESSAGES UIDNEXT UIDVALIDITY UNSEEN) 
[2024-10-03 14:20:07] IMAP< * STATUS "[Gmail]/Sent Mail" (MESSAGES 760 UIDNEXT 769 UIDVALIDITY 5 UNSEEN 0) 
[2024-10-03 14:20:07] IMAP< 100 OK Success 
[2024-10-03 14:20:07] IMAP> 101 STATUS "[Gmail]/Spam" (MESSAGES UIDNEXT UIDVALIDITY UNSEEN) 
[2024-10-03 14:20:08] IMAP< * STATUS "[Gmail]/Spam" (MESSAGES 13 UIDNEXT 513 UIDVALIDITY 3 UNSEEN 0) 
[2024-10-03 14:20:08] IMAP< 101 OK Success 
[2024-10-03 14:20:40] IMAP> 102 NOOP 
[2024-10-03 14:20:40] IMAP< 102 OK Success 
[2024-10-03 14:21:08] IMAP> 112 NOOP 
[2024-10-03 14:21:08] IMAP< 112 OK Success 
[2024-10-03 14:21:40] IMAP> 103 NOOP 
[2024-10-03 14:21:40] IMAP< 103 OK Success 
[2024-10-03 14:22:09] IMAP> 113 NOOP 
[2024-10-03 14:22:09] IMAP< 113 OK Success 
